<?xml version="1.0" encoding="UTF-8"?>
<robot generator="Robot 5.0.1 (Python 3.7.5 on win32)" generated="20220715 14:42:10.970" rpa="true" schemaversion="3">
<suite id="s1" name="Tasks" source="c:\Users\MirzaTalhaBaig\Desktop\rpa_-_order-robot_-_robocorp-certificate_II-main\tasks.robot">
<kw name="New Browser" library="RPA.Browser.Playwright" type="SETUP">
<arg>chromium</arg>
<arg>headless=true</arg>
<tag>BrowserControl</tag>
<tag>Setter</tag>
<doc>Create a new playwright Browser with specified options.</doc>
<msg timestamp="20220715 14:42:12.659" level="INFO">{"browser": "chromium", "headless": true, "handleSIGINT": true, "handleSIGTERM": true, "handleSIGHUP": true, "timeout": 30000.0, "devtools": false, "slowMo": 0.0, "tracesDir": "C:\\Users\\MirzaTalhaBaig\\Desktop\\rpa_-_order-robot_-_robocorp-certificate_II-main\\browser\\traces\\1193b7d6-20ad-4495-bdb1-9e8dab9b119b"}</msg>
<msg timestamp="20220715 14:42:13.262" level="INFO">Successfully created browser with options: {"browser":"chromium","headless":true,"handleSIGINT":true,"handleSIGTERM":true,"handleSIGHUP":true,"timeout":30000,"devtools":false,"slowMo":0,"tracesDir":"C:\\Users\\MirzaTalhaBaig\\Desktop\\rpa_-_order-robot_-_robocorp-certificate_II-main\\browser\\traces\\1193b7d6-20ad-4495-bdb1-9e8dab9b119b"}</msg>
<status status="PASS" starttime="20220715 14:42:12.659" endtime="20220715 14:42:13.262"/>
</kw>
<test id="s1-t1" name="Order robots from RobotSpareBin Industries Inc" line="23">
<kw name="Open order page">
<kw name="Get Secret" library="RPA.Robocorp.Vault">
<var>${secret}</var>
<arg>urls</arg>
<doc>Read a secret from the configured source, e.g. Robocorp Vault,
and return it as a ``Secret`` object.</doc>
<msg timestamp="20220715 14:42:13.267" level="INFO">Protecting keyword: RPA.Robocorp.Vault.Get Secret</msg>
<msg timestamp="20220715 14:42:13.267" level="INFO">Log level changed from NONE to INFO.</msg>
<status status="PASS" starttime="20220715 14:42:13.267" endtime="20220715 14:42:13.267"/>
</kw>
<kw name="New Page" library="RPA.Browser.Playwright">
<arg>${secret}[order_page_url]</arg>
<tag>BrowserControl</tag>
<tag>Setter</tag>
<doc>Open a new Page. A Page is the Playwright equivalent to a tab.
See `Browser, Context and Page` for more information about Page concept.
Returns a stable identifier for the created page.</doc>
<msg timestamp="20220715 14:42:15.094" level="INFO">Successfully initialized new page object and opened url: https://robotsparebinindustries.com/#/robot-order</msg>
<msg timestamp="20220715 14:42:15.094" level="INFO">No context was open. New context was automatically opened when this page is created.</msg>
<status status="PASS" starttime="20220715 14:42:13.267" endtime="20220715 14:42:15.094"/>
</kw>
<kw name="Wait For Elements State" library="RPA.Browser.Playwright">
<arg>${order_page_submit_btn}</arg>
<arg>visible</arg>
<tag>PageContent</tag>
<tag>Wait</tag>
<doc>Waits for the element found by ``selector`` to satisfy state option.</doc>
<msg timestamp="20220715 14:42:15.135" level="INFO">Wait for Element with selector: id=order</msg>
<status status="PASS" starttime="20220715 14:42:15.094" endtime="20220715 14:42:15.135"/>
</kw>
<kw name="Wait For Elements State" library="RPA.Browser.Playwright">
<arg>${modal_content}</arg>
<arg>visible</arg>
<tag>PageContent</tag>
<tag>Wait</tag>
<doc>Waits for the element found by ``selector`` to satisfy state option.</doc>
<msg timestamp="20220715 14:42:15.153" level="INFO">Wait for Element with selector: .modal-content</msg>
<status status="PASS" starttime="20220715 14:42:15.135" endtime="20220715 14:42:15.153"/>
</kw>
<status status="PASS" starttime="20220715 14:42:13.267" endtime="20220715 14:42:15.153"/>
</kw>
<kw name="Request order file URL from user">
<var>${order_file_url}</var>
<doc>Request the order file URL from user</doc>
<kw name="Add heading" library="RPA.Dialogs">
<arg>Order file URL</arg>
<doc>Add a centered heading text element</doc>
<status status="PASS" starttime="20220715 14:42:15.153" endtime="20220715 14:42:15.153"/>
</kw>
<kw name="Add text" library="RPA.Dialogs">
<arg>Please provide the complete URL to the CSV file.</arg>
<doc>Add a text paragraph element, for larger bodies of text</doc>
<status status="PASS" starttime="20220715 14:42:15.153" endtime="20220715 14:42:15.153"/>
</kw>
<kw name="Add text input" library="RPA.Dialogs">
<arg>url</arg>
<arg>label=URL</arg>
<tag>input</tag>
<doc>Add a text input element</doc>
<status status="PASS" starttime="20220715 14:42:15.153" endtime="20220715 14:42:15.153"/>
</kw>
<kw name="Run dialog" library="RPA.Dialogs">
<var>${input}</var>
<tag>dialog</tag>
<doc>Create a dialog from all the defined elements and block
until the user has handled it.</doc>
<msg timestamp="20220715 14:42:15.153" level="INFO">Protecting keyword: RPA.Dialogs.Run dialog</msg>
<msg timestamp="20220715 14:42:21.915" level="INFO">Log level changed from NONE to INFO.</msg>
<status status="PASS" starttime="20220715 14:42:15.153" endtime="20220715 14:42:21.915"/>
</kw>
<msg timestamp="20220715 14:42:21.924" level="INFO">${order_file_url} = https://robotsparebinindustries.com/orders.csv</msg>
<status status="PASS" starttime="20220715 14:42:15.153" endtime="20220715 14:42:21.924"/>
</kw>
<kw name="Get orders">
<var>${orders}</var>
<arg>${order_file_url}</arg>
<doc>Download the order CSV file, read as table</doc>
<kw name="Download" library="RPA.HTTP">
<arg>${order_file_url}</arg>
<arg>overwrite=true</arg>
<doc>An alias for the ``HTTP Get`` keyword.</doc>
<msg timestamp="20220715 14:42:21.924" level="INFO">Creating a new HTTP session</msg>
<msg timestamp="20220715 14:42:21.924" level="INFO">Creating Session using : alias=rpasession_alias.httpsrobotsparebinindustries.com, url=https://robotsparebinindustries.com, headers={},                     cookies={}, auth=None, timeout=None, proxies=None, verify=True,                     debug=0 </msg>
<msg timestamp="20220715 14:42:22.624" level="INFO">GET Request : url=https://robotsparebinindustries.com/orders.csv 
 path_url=/orders.csv 
 headers={'User-Agent': 'python-requests/2.28.1', 'Accept-Encoding': 'gzip, deflate', 'Accept': '*/*', 'Connection': 'keep-alive'} 
 body=None 
 </msg>
<msg timestamp="20220715 14:42:22.624" level="INFO">GET Response : url=https://robotsparebinindustries.com/orders.csv 
 status=200, reason=OK 
 headers={'Connection': 'keep-alive', 'Content-Length': '199', 'Server': 'GitHub.com', 'Content-Type': 'text/csv; charset=utf-8', 'Last-Modified': 'Fri, 13 Aug 2021 11:27:04 GMT', 'Access-Control-Allow-Origin': '*', 'Strict-Transport-Security': 'max-age=31556952', 'ETag': 'W/"61165708-19c"', 'expires': 'Fri, 15 Jul 2022 09:52:22 GMT', 'Cache-Control': 'max-age=600', 'Content-Encoding': 'gzip', 'x-proxy-cache': 'MISS', 'X-GitHub-Request-Id': '7AA6:194C:F5A6B:129966:62D1367E', 'Accept-Ranges': 'bytes', 'Date': 'Fri, 15 Jul 2022 09:42:22 GMT', 'Via': '1.1 varnish', 'Age': '0', 'X-Served-By': 'cache-qpg1242-QPG', 'X-Cache': 'MISS', 'X-Cache-Hits': '0', 'X-Timer': 'S1657878142.358588,VS0,VE230', 'Vary': 'Accept-Encoding', 'X-Fastly-Request-ID': '2db96d30ef3482f05ba516d2bffc70f423d29bb8'} 
 body=Order number,Head,Body,Legs,Address
1,1,2,3,Address 123
2,4,1,5,Address 456
3,6,2,3,Address 789
4,2,3,2,Address 1
5,3,5,1,Address 2
6,1,6,6,Address 3
7,5,1,5,Address 4
8,2,3,3,Address 5
9,3,2,2,Address 6
10,4,4,2,Address 7
11,6,6,1,Address 8
12,1,3,3,Address 9
13,1,5,4,Address A
14,3,1,5,Address B
15,3,2,6,Address C
16,6,3,6,Address D
17,5,4,1,Address E
18,2,5,1,Address F
19,4,6,2,Address G
20,1,1,5,Address H 
 </msg>
<status status="PASS" starttime="20220715 14:42:21.924" endtime="20220715 14:42:22.642"/>
</kw>
<kw name="Read table from CSV" library="RPA.Tables">
<var>${orders}</var>
<arg>orders.csv</arg>
<doc>Read a CSV file as a table.</doc>
<msg timestamp="20220715 14:42:22.690" level="INFO">${orders} = Table(columns=['Order number', 'Head', 'Body', 'Legs', 'Address'], rows=20)</msg>
<status status="PASS" starttime="20220715 14:42:22.642" endtime="20220715 14:42:22.690"/>
</kw>
<msg timestamp="20220715 14:42:22.690" level="INFO">${orders} = Table(columns=['Order number', 'Head', 'Body', 'Legs', 'Address'], rows=20)</msg>
<status status="PASS" starttime="20220715 14:42:21.924" endtime="20220715 14:42:22.690"/>
</kw>
<for flavor="IN">
<var>${order}</var>
<value>@{orders}</value>
<iter>
<var name="${order}">{'Order number': '1', 'Head': '1', 'Body': '2', 'Legs': '3', 'Address': 'Address 123'}</var>
<kw name="Close modal">
<kw name="Click" library="RPA.Browser.Playwright">
<arg>${cookies_accept_btn}</arg>
<tag>PageContent</tag>
<tag>Setter</tag>
<doc>Simulates mouse click on the element found by ``selector``.</doc>
<status status="PASS" starttime="20220715 14:42:22.698" endtime="20220715 14:42:22.824"/>
</kw>
<kw name="Wait For Elements State" library="RPA.Browser.Playwright">
<arg>${modal_content}</arg>
<arg>hidden</arg>
<tag>PageContent</tag>
<tag>Wait</tag>
<doc>Waits for the element found by ``selector`` to satisfy state option.</doc>
<msg timestamp="20220715 14:42:22.857" level="INFO">Wait for Element with selector: .modal-content</msg>
<status status="PASS" starttime="20220715 14:42:22.824" endtime="20220715 14:42:22.858"/>
</kw>
<status status="PASS" starttime="20220715 14:42:22.698" endtime="20220715 14:42:22.859"/>
</kw>
<kw name="Fill order form">
<arg>${order}</arg>
<kw name="Fill in order parameters" library="OrderPage">
<arg>${order_table_row}</arg>
<kw name="Select Options By" library="RPA.Browser.Playwright">
<arg>${order_page_head_select}</arg>
<arg>value</arg>
<arg>${order_table_row}[Head]</arg>
<tag>PageContent</tag>
<tag>Setter</tag>
<doc>Selects options from select element found by ``selector``.</doc>
<status status="PASS" starttime="20220715 14:42:22.864" endtime="20220715 14:42:22.914"/>
</kw>
<kw name="Check Checkbox" library="RPA.Browser.Playwright">
<arg>${order_page_body_checkbox_prefix}${order_table_row}[Body]</arg>
<tag>PageContent</tag>
<tag>Setter</tag>
<doc>Checks the checkbox or selects radio button found by ``selector``.</doc>
<status status="PASS" starttime="20220715 14:42:22.914" endtime="20220715 14:42:23.047"/>
</kw>
<kw name="Fill Text" library="RPA.Browser.Playwright">
<arg>${order_page_legs_part_number_field}</arg>
<arg>${order_table_row}[Legs]</arg>
<tag>PageContent</tag>
<tag>Setter</tag>
<doc>Clears and fills the given ``txt`` into the text field found by ``selector``.</doc>
<msg timestamp="20220715 14:42:23.047" level="INFO">Fills the text '3' in the given field.</msg>
<status status="PASS" starttime="20220715 14:42:23.047" endtime="20220715 14:42:23.087"/>
</kw>
<kw name="Fill Text" library="RPA.Browser.Playwright">
<arg>${order_page_address_field}</arg>
<arg>${order_table_row}[Address]</arg>
<tag>PageContent</tag>
<tag>Setter</tag>
<doc>Clears and fills the given ``txt`` into the text field found by ``selector``.</doc>
<msg timestamp="20220715 14:42:23.095" level="INFO">Fills the text 'Address 123' in the given field.</msg>
<status status="PASS" starttime="20220715 14:42:23.087" endtime="20220715 14:42:23.144"/>
</kw>
<status status="PASS" starttime="20220715 14:42:22.862" endtime="20220715 14:42:23.144"/>
</kw>
<status status="PASS" starttime="20220715 14:42:22.859" endtime="20220715 14:42:23.144"/>
</kw>
<kw name="Preview robot">
<kw name="Click" library="RPA.Browser.Playwright">
<arg>${order_page_preview_btn}</arg>
<tag>PageContent</tag>
<tag>Setter</tag>
<doc>Simulates mouse click on the element found by ``selector``.</doc>
<status status="PASS" starttime="20220715 14:42:23.144" endtime="20220715 14:42:23.238"/>
</kw>
<kw name="Wait For Elements State" library="RPA.Browser.Playwright">
<arg>${order_page_robot_preview_image}</arg>
<arg>visible</arg>
<tag>PageContent</tag>
<tag>Wait</tag>
<doc>Waits for the element found by ``selector`` to satisfy state option.</doc>
<msg timestamp="20220715 14:42:23.271" level="INFO">Wait for Element with selector: id=robot-preview-image</msg>
<status status="PASS" starttime="20220715 14:42:23.238" endtime="20220715 14:42:23.271"/>
</kw>
<kw name="Sleep" library="BuiltIn">
<arg>2s</arg>
<doc>Pauses the test executed for the given time.</doc>
<msg timestamp="20220715 14:42:25.281" level="INFO">Slept 2 seconds</msg>
<status status="PASS" starttime="20220715 14:42:23.271" endtime="20220715 14:42:25.281"/>
</kw>
<status status="PASS" starttime="20220715 14:42:23.144" endtime="20220715 14:42:25.281"/>
</kw>
<kw name="Take screenshot of the robot image">
<var>${screenshot}</var>
<arg>${order}[Order number]</arg>
<kw name="Set Local Variable" library="BuiltIn">
<arg>${file_path}</arg>
<arg>${screenshot_dir}${/}robot_preview_image_${order_number}.png</arg>
<doc>Makes a variable available everywhere within the local scope.</doc>
<msg timestamp="20220715 14:42:25.281" level="INFO">${file_path} = c:\Users\MirzaTalhaBaig\Desktop\rpa_-_order-robot_-_robocorp-certificate_II-main\output\screenshots\robot_preview_image_1.png</msg>
<status status="PASS" starttime="20220715 14:42:25.281" endtime="20220715 14:42:25.281"/>
</kw>
<kw name="Take Screenshot" library="RPA.Browser.Playwright">
<arg>filename=${file_path}</arg>
<arg>selector=${order_page_robot_preview_image}</arg>
<arg>fullPage=False</arg>
<arg>timeout=2</arg>
<tag>PageContent</tag>
<doc>Takes a screenshot of the current window or element and saves it to disk.</doc>
<msg timestamp="20220715 14:42:25.519" level="INFO" html="true">&lt;/td&gt;&lt;/tr&gt;&lt;tr&gt;&lt;td colspan="3"&gt;&lt;a href="file:///C:/Users/MirzaTalhaBaig/Desktop/rpa_-_order-robot_-_robocorp-certificate_II-main/output/screenshots/robot_preview_image_1.png"&gt;&lt;img src="file:///C:/Users/MirzaTalhaBaig/Desktop/rpa_-_order-robot_-_robocorp-certificate_II-main/output/screenshots/robot_preview_image_1.png" width="800px"&gt;&lt;/a&gt;</msg>
<status status="PASS" starttime="20220715 14:42:25.281" endtime="20220715 14:42:25.519"/>
</kw>
<msg timestamp="20220715 14:42:25.519" level="INFO">${screenshot} = c:\Users\MirzaTalhaBaig\Desktop\rpa_-_order-robot_-_robocorp-certificate_II-main\output\screenshots\robot_preview_image_1.png</msg>
<status status="PASS" starttime="20220715 14:42:25.281" endtime="20220715 14:42:25.519"/>
</kw>
<kw name="Wait Until Keyword Succeeds" library="BuiltIn">
<arg>5x</arg>
<arg>0.5 sec</arg>
<arg>Submit order</arg>
<doc>Runs the specified keyword and retries if it fails.</doc>
<kw name="Submit order">
<kw name="Click" library="RPA.Browser.Playwright">
<arg>${order_page_submit_btn}</arg>
<tag>PageContent</tag>
<tag>Setter</tag>
<doc>Simulates mouse click on the element found by ``selector``.</doc>
<status status="PASS" starttime="20220715 14:42:25.519" endtime="20220715 14:42:25.616"/>
</kw>
<kw name="Wait For Elements State" library="RPA.Browser.Playwright">
<arg>${order_page_receipt_alert}</arg>
<arg>visible</arg>
<tag>PageContent</tag>
<tag>Wait</tag>
<doc>Waits for the element found by ``selector`` to satisfy state option.</doc>
<msg timestamp="20220715 14:42:25.642" level="INFO">Wait for Element with selector: id=receipt</msg>
<status status="PASS" starttime="20220715 14:42:25.616" endtime="20220715 14:42:25.642"/>
</kw>
<kw name="Wait For Elements State" library="RPA.Browser.Playwright">
<arg>${order_page_order_another_btn}</arg>
<arg>visible</arg>
<tag>PageContent</tag>
<tag>Wait</tag>
<doc>Waits for the element found by ``selector`` to satisfy state option.</doc>
<msg timestamp="20220715 14:42:25.670" level="INFO">Wait for Element with selector: id=order-another</msg>
<status status="PASS" starttime="20220715 14:42:25.642" endtime="20220715 14:42:25.670"/>
</kw>
<status status="PASS" starttime="20220715 14:42:25.519" endtime="20220715 14:42:25.670"/>
</kw>
<status status="PASS" starttime="20220715 14:42:25.519" endtime="20220715 14:42:25.670"/>
</kw>
<kw name="Create receipt PDF with robot preview image">
<arg>${order}[Order number]</arg>
<arg>${screenshot}</arg>
<kw name="Store order receipt as PDF file">
<var>${pdf}</var>
<arg>${order_number}</arg>
<kw name="Get Property" library="RPA.Browser.Playwright">
<var>${receipt_html}</var>
<arg>${order_page_receipt_alert}</arg>
<arg>outerHTML</arg>
<tag>Assertion</tag>
<tag>Getter</tag>
<tag>PageContent</tag>
<doc>Returns the ``property`` of the element found by ``selector``.</doc>
<msg timestamp="20220715 14:42:25.719" level="INFO">${receipt_html} = &lt;div id="receipt" class="alert alert-success" role="alert"&gt;&lt;h3&gt;Receipt&lt;/h3&gt;&lt;div&gt;2022-07-15T09:42:25.583Z&lt;/div&gt;&lt;p class="badge badge-success"&gt;RSB-ROBO-ORDER-VXMS6ZAB95&lt;/p&gt;&lt;p&gt;Address 123&lt;/p&gt;&lt;div id="par...</msg>
<status status="PASS" starttime="20220715 14:42:25.678" endtime="20220715 14:42:25.719"/>
</kw>
<kw name="Set Local Variable" library="BuiltIn">
<arg>${file_path}</arg>
<arg>${receipt_dir}${/}receipt_${order_number}.pdf</arg>
<doc>Makes a variable available everywhere within the local scope.</doc>
<msg timestamp="20220715 14:42:25.719" level="INFO">${file_path} = c:\Users\MirzaTalhaBaig\Desktop\rpa_-_order-robot_-_robocorp-certificate_II-main\output\receipts\receipt_1.pdf</msg>
<status status="PASS" starttime="20220715 14:42:25.719" endtime="20220715 14:42:25.719"/>
</kw>
<kw name="Html To Pdf" library="RPA.PDF">
<arg>${receipt_html}</arg>
<arg>${file_path}</arg>
<doc>Generate a PDF file from HTML content.</doc>
<msg timestamp="20220715 14:42:25.764" level="INFO">Writing output to file C:\Users\MirzaTalhaBaig\Desktop\rpa_-_order-robot_-_robocorp-certificate_II-main\output\receipts\receipt_1.pdf</msg>
<status status="PASS" starttime="20220715 14:42:25.719" endtime="20220715 14:42:25.779"/>
</kw>
<msg timestamp="20220715 14:42:25.779" level="INFO">${pdf} = c:\Users\MirzaTalhaBaig\Desktop\rpa_-_order-robot_-_robocorp-certificate_II-main\output\receipts\receipt_1.pdf</msg>
<status status="PASS" starttime="20220715 14:42:25.670" endtime="20220715 14:42:25.779"/>
</kw>
<kw name="Embed robot preview screenshot to receipt PDF file">
<arg>${screenshot}</arg>
<arg>${pdf}</arg>
<kw name="Open Pdf" library="RPA.PDF">
<arg>${pdf}</arg>
<doc>Open a PDF document for reading.</doc>
<status status="PASS" starttime="20220715 14:42:25.779" endtime="20220715 14:42:25.779"/>
</kw>
<kw name="Create List" library="BuiltIn">
<var>${image_files}</var>
<arg>${screenshot}:align=center</arg>
<doc>Returns a list containing given items.</doc>
<msg timestamp="20220715 14:42:25.779" level="INFO">${image_files} = ['c:\\Users\\MirzaTalhaBaig\\Desktop\\rpa_-_order-robot_-_robocorp-certificate_II-main\\output\\screenshots\\robot_preview_image_1.png:align=center']</msg>
<status status="PASS" starttime="20220715 14:42:25.779" endtime="20220715 14:42:25.779"/>
</kw>
<kw name="Add Files To Pdf" library="RPA.PDF">
<arg>${image_files}</arg>
<arg>${pdf}</arg>
<arg>append=True</arg>
<doc>Add images and/or pdfs to new PDF document</doc>
<msg timestamp="20220715 14:42:25.788" level="INFO">Adding page: 0</msg>
<msg timestamp="20220715 14:42:25.790" level="INFO">File c:\Users\MirzaTalhaBaig\Desktop\rpa_-_order-robot_-_robocorp-certificate_II-main\output\screenshots\robot_preview_image_1.png type: png</msg>
<msg timestamp="20220715 14:42:25.790" level="INFO">Image parameters: {'align': 'center'}</msg>
<status status="PASS" starttime="20220715 14:42:25.779" endtime="20220715 14:42:26.092"/>
</kw>
<kw name="Close Pdf" library="RPA.PDF">
<arg>${pdf}</arg>
<doc>Close PDF file descriptor for certain file.</doc>
<msg timestamp="20220715 14:42:26.100" level="INFO">Closing PDF document: c:\Users\MirzaTalhaBaig\Desktop\rpa_-_order-robot_-_robocorp-certificate_II-main\output\receipts\receipt_1.pdf</msg>
<status status="PASS" starttime="20220715 14:42:26.099" endtime="20220715 14:42:26.100"/>
</kw>
<status status="PASS" starttime="20220715 14:42:25.779" endtime="20220715 14:42:26.101"/>
</kw>
<status status="PASS" starttime="20220715 14:42:25.670" endtime="20220715 14:42:26.101"/>
</kw>
<kw name="Order new robot">
<kw name="Click" library="RPA.Browser.Playwright">
<arg>${order_page_order_another_btn}</arg>
<tag>PageContent</tag>
<tag>Setter</tag>
<doc>Simulates mouse click on the element found by ``selector``.</doc>
<status status="PASS" starttime="20220715 14:42:26.101" endtime="20220715 14:42:26.363"/>
</kw>
<kw name="Wait For Elements State" library="RPA.Browser.Playwright">
<arg>${order_page_submit_btn}</arg>
<arg>visible</arg>
<tag>PageContent</tag>
<tag>Wait</tag>
<doc>Waits for the element found by ``selector`` to satisfy state option.</doc>
<msg timestamp="20220715 14:42:26.419" level="INFO">Wait for Element with selector: id=order</msg>
<status status="PASS" starttime="20220715 14:42:26.364" endtime="20220715 14:42:26.419"/>
</kw>
<status status="PASS" starttime="20220715 14:42:26.101" endtime="20220715 14:42:26.419"/>
</kw>
<status status="PASS" starttime="20220715 14:42:22.690" endtime="20220715 14:42:26.419"/>
</iter>
<iter>
<var name="${order}">{'Order number': '2', 'Head': '4', 'Body': '1', 'Legs': '5', 'Address': 'Address 456'}</var>
<kw name="Close modal">
<kw name="Click" library="RPA.Browser.Playwright">
<arg>${cookies_accept_btn}</arg>
<tag>PageContent</tag>
<tag>Setter</tag>
<doc>Simulates mouse click on the element found by ``selector``.</doc>
<status status="PASS" starttime="20220715 14:42:26.427" endtime="20220715 14:42:26.489"/>
</kw>
<kw name="Wait For Elements State" library="RPA.Browser.Playwright">
<arg>${modal_content}</arg>
<arg>hidden</arg>
<tag>PageContent</tag>
<tag>Wait</tag>
<doc>Waits for the element found by ``selector`` to satisfy state option.</doc>
<msg timestamp="20220715 14:42:26.514" level="INFO">Wait for Element with selector: .modal-content</msg>
<status status="PASS" starttime="20220715 14:42:26.489" endtime="20220715 14:42:26.514"/>
</kw>
<status status="PASS" starttime="20220715 14:42:26.427" endtime="20220715 14:42:26.517"/>
</kw>
<kw name="Fill order form">
<arg>${order}</arg>
<kw name="Fill in order parameters" library="OrderPage">
<arg>${order_table_row}</arg>
<kw name="Select Options By" library="RPA.Browser.Playwright">
<arg>${order_page_head_select}</arg>
<arg>value</arg>
<arg>${order_table_row}[Head]</arg>
<tag>PageContent</tag>
<tag>Setter</tag>
<doc>Selects options from select element found by ``selector``.</doc>
<status status="PASS" starttime="20220715 14:42:26.518" endtime="20220715 14:42:26.558"/>
</kw>
<kw name="Check Checkbox" library="RPA.Browser.Playwright">
<arg>${order_page_body_checkbox_prefix}${order_table_row}[Body]</arg>
<tag>PageContent</tag>
<tag>Setter</tag>
<doc>Checks the checkbox or selects radio button found by ``selector``.</doc>
<status status="PASS" starttime="20220715 14:42:26.558" endtime="20220715 14:42:26.667"/>
</kw>
<kw name="Fill Text" library="RPA.Browser.Playwright">
<arg>${order_page_legs_part_number_field}</arg>
<arg>${order_table_row}[Legs]</arg>
<tag>PageContent</tag>
<tag>Setter</tag>
<doc>Clears and fills the given ``txt`` into the text field found by ``selector``.</doc>
<msg timestamp="20220715 14:42:26.671" level="INFO">Fills the text '5' in the given field.</msg>
<status status="PASS" starttime="20220715 14:42:26.670" endtime="20220715 14:42:26.710"/>
</kw>
<kw name="Fill Text" library="RPA.Browser.Playwright">
<arg>${order_page_address_field}</arg>
<arg>${order_table_row}[Address]</arg>
<tag>PageContent</tag>
<tag>Setter</tag>
<doc>Clears and fills the given ``txt`` into the text field found by ``selector``.</doc>
<msg timestamp="20220715 14:42:26.715" level="INFO">Fills the text 'Address 456' in the given field.</msg>
<status status="PASS" starttime="20220715 14:42:26.714" endtime="20220715 14:42:26.758"/>
</kw>
<status status="PASS" starttime="20220715 14:42:26.518" endtime="20220715 14:42:26.758"/>
</kw>
<status status="PASS" starttime="20220715 14:42:26.517" endtime="20220715 14:42:26.758"/>
</kw>
<kw name="Preview robot">
<kw name="Click" library="RPA.Browser.Playwright">
<arg>${order_page_preview_btn}</arg>
<tag>PageContent</tag>
<tag>Setter</tag>
<doc>Simulates mouse click on the element found by ``selector``.</doc>
<status status="PASS" starttime="20220715 14:42:26.758" endtime="20220715 14:42:26.849"/>
</kw>
<kw name="Wait For Elements State" library="RPA.Browser.Playwright">
<arg>${order_page_robot_preview_image}</arg>
<arg>visible</arg>
<tag>PageContent</tag>
<tag>Wait</tag>
<doc>Waits for the element found by ``selector`` to satisfy state option.</doc>
<msg timestamp="20220715 14:42:26.870" level="INFO">Wait for Element with selector: id=robot-preview-image</msg>
<status status="PASS" starttime="20220715 14:42:26.849" endtime="20220715 14:42:26.870"/>
</kw>
<kw name="Sleep" library="BuiltIn">
<arg>2s</arg>
<doc>Pauses the test executed for the given time.</doc>
<msg timestamp="20220715 14:42:28.879" level="INFO">Slept 2 seconds</msg>
<status status="PASS" starttime="20220715 14:42:26.870" endtime="20220715 14:42:28.879"/>
</kw>
<status status="PASS" starttime="20220715 14:42:26.758" endtime="20220715 14:42:28.879"/>
</kw>
<kw name="Take screenshot of the robot image">
<var>${screenshot}</var>
<arg>${order}[Order number]</arg>
<kw name="Set Local Variable" library="BuiltIn">
<arg>${file_path}</arg>
<arg>${screenshot_dir}${/}robot_preview_image_${order_number}.png</arg>
<doc>Makes a variable available everywhere within the local scope.</doc>
<msg timestamp="20220715 14:42:28.879" level="INFO">${file_path} = c:\Users\MirzaTalhaBaig\Desktop\rpa_-_order-robot_-_robocorp-certificate_II-main\output\screenshots\robot_preview_image_2.png</msg>
<status status="PASS" starttime="20220715 14:42:28.879" endtime="20220715 14:42:28.879"/>
</kw>
<kw name="Take Screenshot" library="RPA.Browser.Playwright">
<arg>filename=${file_path}</arg>
<arg>selector=${order_page_robot_preview_image}</arg>
<arg>fullPage=False</arg>
<arg>timeout=2</arg>
<tag>PageContent</tag>
<doc>Takes a screenshot of the current window or element and saves it to disk.</doc>
<msg timestamp="20220715 14:42:29.008" level="INFO" html="true">&lt;/td&gt;&lt;/tr&gt;&lt;tr&gt;&lt;td colspan="3"&gt;&lt;a href="file:///C:/Users/MirzaTalhaBaig/Desktop/rpa_-_order-robot_-_robocorp-certificate_II-main/output/screenshots/robot_preview_image_2.png"&gt;&lt;img src="file:///C:/Users/MirzaTalhaBaig/Desktop/rpa_-_order-robot_-_robocorp-certificate_II-main/output/screenshots/robot_preview_image_2.png" width="800px"&gt;&lt;/a&gt;</msg>
<status status="PASS" starttime="20220715 14:42:28.879" endtime="20220715 14:42:29.008"/>
</kw>
<msg timestamp="20220715 14:42:29.008" level="INFO">${screenshot} = c:\Users\MirzaTalhaBaig\Desktop\rpa_-_order-robot_-_robocorp-certificate_II-main\output\screenshots\robot_preview_image_2.png</msg>
<status status="PASS" starttime="20220715 14:42:28.879" endtime="20220715 14:42:29.008"/>
</kw>
<kw name="Wait Until Keyword Succeeds" library="BuiltIn">
<arg>5x</arg>
<arg>0.5 sec</arg>
<arg>Submit order</arg>
<doc>Runs the specified keyword and retries if it fails.</doc>
<kw name="Submit order">
<kw name="Click" library="RPA.Browser.Playwright">
<arg>${order_page_submit_btn}</arg>
<tag>PageContent</tag>
<tag>Setter</tag>
<doc>Simulates mouse click on the element found by ``selector``.</doc>
<status status="PASS" starttime="20220715 14:42:29.008" endtime="20220715 14:42:29.072"/>
</kw>
<kw name="Wait For Elements State" library="RPA.Browser.Playwright">
<arg>${order_page_receipt_alert}</arg>
<arg>visible</arg>
<tag>PageContent</tag>
<tag>Wait</tag>
<doc>Waits for the element found by ``selector`` to satisfy state option.</doc>
<msg timestamp="20220715 14:42:29.085" level="INFO">Wait for Element with selector: id=receipt</msg>
<status status="PASS" starttime="20220715 14:42:29.073" endtime="20220715 14:42:29.085"/>
</kw>
<kw name="Wait For Elements State" library="RPA.Browser.Playwright">
<arg>${order_page_order_another_btn}</arg>
<arg>visible</arg>
<tag>PageContent</tag>
<tag>Wait</tag>
<doc>Waits for the element found by ``selector`` to satisfy state option.</doc>
<msg timestamp="20220715 14:42:29.098" level="INFO">Wait for Element with selector: id=order-another</msg>
<status status="PASS" starttime="20220715 14:42:29.086" endtime="20220715 14:42:29.098"/>
</kw>
<status status="PASS" starttime="20220715 14:42:29.008" endtime="20220715 14:42:29.098"/>
</kw>
<status status="PASS" starttime="20220715 14:42:29.008" endtime="20220715 14:42:29.098"/>
</kw>
<kw name="Create receipt PDF with robot preview image">
<arg>${order}[Order number]</arg>
<arg>${screenshot}</arg>
<kw name="Store order receipt as PDF file">
<var>${pdf}</var>
<arg>${order_number}</arg>
<kw name="Get Property" library="RPA.Browser.Playwright">
<var>${receipt_html}</var>
<arg>${order_page_receipt_alert}</arg>
<arg>outerHTML</arg>
<tag>Assertion</tag>
<tag>Getter</tag>
<tag>PageContent</tag>
<doc>Returns the ``property`` of the element found by ``selector``.</doc>
<msg timestamp="20220715 14:42:29.114" level="INFO">${receipt_html} = &lt;div id="receipt" class="alert alert-success" role="alert"&gt;&lt;h3&gt;Receipt&lt;/h3&gt;&lt;div&gt;2022-07-15T09:42:29.058Z&lt;/div&gt;&lt;p class="badge badge-success"&gt;RSB-ROBO-ORDER-PKGNXF5PBP&lt;/p&gt;&lt;p&gt;Address 456&lt;/p&gt;&lt;div id="par...</msg>
<status status="PASS" starttime="20220715 14:42:29.098" endtime="20220715 14:42:29.114"/>
</kw>
<kw name="Set Local Variable" library="BuiltIn">
<arg>${file_path}</arg>
<arg>${receipt_dir}${/}receipt_${order_number}.pdf</arg>
<doc>Makes a variable available everywhere within the local scope.</doc>
<msg timestamp="20220715 14:42:29.114" level="INFO">${file_path} = c:\Users\MirzaTalhaBaig\Desktop\rpa_-_order-robot_-_robocorp-certificate_II-main\output\receipts\receipt_2.pdf</msg>
<status status="PASS" starttime="20220715 14:42:29.114" endtime="20220715 14:42:29.114"/>
</kw>
<kw name="Html To Pdf" library="RPA.PDF">
<arg>${receipt_html}</arg>
<arg>${file_path}</arg>
<doc>Generate a PDF file from HTML content.</doc>
<msg timestamp="20220715 14:42:29.114" level="INFO">Writing output to file C:\Users\MirzaTalhaBaig\Desktop\rpa_-_order-robot_-_robocorp-certificate_II-main\output\receipts\receipt_2.pdf</msg>
<status status="PASS" starttime="20220715 14:42:29.114" endtime="20220715 14:42:29.114"/>
</kw>
<msg timestamp="20220715 14:42:29.114" level="INFO">${pdf} = c:\Users\MirzaTalhaBaig\Desktop\rpa_-_order-robot_-_robocorp-certificate_II-main\output\receipts\receipt_2.pdf</msg>
<status status="PASS" starttime="20220715 14:42:29.098" endtime="20220715 14:42:29.114"/>
</kw>
<kw name="Embed robot preview screenshot to receipt PDF file">
<arg>${screenshot}</arg>
<arg>${pdf}</arg>
<kw name="Open Pdf" library="RPA.PDF">
<arg>${pdf}</arg>
<doc>Open a PDF document for reading.</doc>
<status status="PASS" starttime="20220715 14:42:29.126" endtime="20220715 14:42:29.126"/>
</kw>
<kw name="Create List" library="BuiltIn">
<var>${image_files}</var>
<arg>${screenshot}:align=center</arg>
<doc>Returns a list containing given items.</doc>
<msg timestamp="20220715 14:42:29.126" level="INFO">${image_files} = ['c:\\Users\\MirzaTalhaBaig\\Desktop\\rpa_-_order-robot_-_robocorp-certificate_II-main\\output\\screenshots\\robot_preview_image_2.png:align=center']</msg>
<status status="PASS" starttime="20220715 14:42:29.126" endtime="20220715 14:42:29.126"/>
</kw>
<kw name="Add Files To Pdf" library="RPA.PDF">
<arg>${image_files}</arg>
<arg>${pdf}</arg>
<arg>append=True</arg>
<doc>Add images and/or pdfs to new PDF document</doc>
<msg timestamp="20220715 14:42:29.129" level="INFO">Adding page: 0</msg>
<msg timestamp="20220715 14:42:29.129" level="INFO">File c:\Users\MirzaTalhaBaig\Desktop\rpa_-_order-robot_-_robocorp-certificate_II-main\output\screenshots\robot_preview_image_2.png type: png</msg>
<msg timestamp="20220715 14:42:29.129" level="INFO">Image parameters: {'align': 'center'}</msg>
<status status="PASS" starttime="20220715 14:42:29.126" endtime="20220715 14:42:29.148"/>
</kw>
<kw name="Close Pdf" library="RPA.PDF">
<arg>${pdf}</arg>
<doc>Close PDF file descriptor for certain file.</doc>
<msg timestamp="20220715 14:42:29.148" level="INFO">Closing PDF document: c:\Users\MirzaTalhaBaig\Desktop\rpa_-_order-robot_-_robocorp-certificate_II-main\output\receipts\receipt_2.pdf</msg>
<status status="PASS" starttime="20220715 14:42:29.148" endtime="20220715 14:42:29.148"/>
</kw>
<status status="PASS" starttime="20220715 14:42:29.126" endtime="20220715 14:42:29.148"/>
</kw>
<status status="PASS" starttime="20220715 14:42:29.098" endtime="20220715 14:42:29.148"/>
</kw>
<kw name="Order new robot">
<kw name="Click" library="RPA.Browser.Playwright">
<arg>${order_page_order_another_btn}</arg>
<tag>PageContent</tag>
<tag>Setter</tag>
<doc>Simulates mouse click on the element found by ``selector``.</doc>
<status status="PASS" starttime="20220715 14:42:29.148" endtime="20220715 14:42:29.312"/>
</kw>
<kw name="Wait For Elements State" library="RPA.Browser.Playwright">
<arg>${order_page_submit_btn}</arg>
<arg>visible</arg>
<tag>PageContent</tag>
<tag>Wait</tag>
<doc>Waits for the element found by ``selector`` to satisfy state option.</doc>
<msg timestamp="20220715 14:42:29.345" level="INFO">Wait for Element with selector: id=order</msg>
<status status="PASS" starttime="20220715 14:42:29.312" endtime="20220715 14:42:29.345"/>
</kw>
<status status="PASS" starttime="20220715 14:42:29.148" endtime="20220715 14:42:29.345"/>
</kw>
<status status="PASS" starttime="20220715 14:42:26.419" endtime="20220715 14:42:29.345"/>
</iter>
<iter>
<var name="${order}">{'Order number': '3', 'Head': '6', 'Body': '2', 'Legs': '3', 'Address': 'Address 789'}</var>
<kw name="Close modal">
<kw name="Click" library="RPA.Browser.Playwright">
<arg>${cookies_accept_btn}</arg>
<tag>PageContent</tag>
<tag>Setter</tag>
<doc>Simulates mouse click on the element found by ``selector``.</doc>
<status status="PASS" starttime="20220715 14:42:29.345" endtime="20220715 14:42:29.401"/>
</kw>
<kw name="Wait For Elements State" library="RPA.Browser.Playwright">
<arg>${modal_content}</arg>
<arg>hidden</arg>
<tag>PageContent</tag>
<tag>Wait</tag>
<doc>Waits for the element found by ``selector`` to satisfy state option.</doc>
<msg timestamp="20220715 14:42:29.417" level="INFO">Wait for Element with selector: .modal-content</msg>
<status status="PASS" starttime="20220715 14:42:29.401" endtime="20220715 14:42:29.417"/>
</kw>
<status status="PASS" starttime="20220715 14:42:29.345" endtime="20220715 14:42:29.417"/>
</kw>
<kw name="Fill order form">
<arg>${order}</arg>
<kw name="Fill in order parameters" library="OrderPage">
<arg>${order_table_row}</arg>
<kw name="Select Options By" library="RPA.Browser.Playwright">
<arg>${order_page_head_select}</arg>
<arg>value</arg>
<arg>${order_table_row}[Head]</arg>
<tag>PageContent</tag>
<tag>Setter</tag>
<doc>Selects options from select element found by ``selector``.</doc>
<status status="PASS" starttime="20220715 14:42:29.417" endtime="20220715 14:42:29.433"/>
</kw>
<kw name="Check Checkbox" library="RPA.Browser.Playwright">
<arg>${order_page_body_checkbox_prefix}${order_table_row}[Body]</arg>
<tag>PageContent</tag>
<tag>Setter</tag>
<doc>Checks the checkbox or selects radio button found by ``selector``.</doc>
<status status="PASS" starttime="20220715 14:42:29.433" endtime="20220715 14:42:29.474"/>
</kw>
<kw name="Fill Text" library="RPA.Browser.Playwright">
<arg>${order_page_legs_part_number_field}</arg>
<arg>${order_table_row}[Legs]</arg>
<tag>PageContent</tag>
<tag>Setter</tag>
<doc>Clears and fills the given ``txt`` into the text field found by ``selector``.</doc>
<msg timestamp="20220715 14:42:29.474" level="INFO">Fills the text '3' in the given field.</msg>
<status status="PASS" starttime="20220715 14:42:29.474" endtime="20220715 14:42:29.490"/>
</kw>
<kw name="Fill Text" library="RPA.Browser.Playwright">
<arg>${order_page_address_field}</arg>
<arg>${order_table_row}[Address]</arg>
<tag>PageContent</tag>
<tag>Setter</tag>
<doc>Clears and fills the given ``txt`` into the text field found by ``selector``.</doc>
<msg timestamp="20220715 14:42:29.490" level="INFO">Fills the text 'Address 789' in the given field.</msg>
<status status="PASS" starttime="20220715 14:42:29.490" endtime="20220715 14:42:29.516"/>
</kw>
<status status="PASS" starttime="20220715 14:42:29.417" endtime="20220715 14:42:29.516"/>
</kw>
<status status="PASS" starttime="20220715 14:42:29.417" endtime="20220715 14:42:29.516"/>
</kw>
<kw name="Preview robot">
<kw name="Click" library="RPA.Browser.Playwright">
<arg>${order_page_preview_btn}</arg>
<tag>PageContent</tag>
<tag>Setter</tag>
<doc>Simulates mouse click on the element found by ``selector``.</doc>
<status status="PASS" starttime="20220715 14:42:29.516" endtime="20220715 14:42:29.571"/>
</kw>
<kw name="Wait For Elements State" library="RPA.Browser.Playwright">
<arg>${order_page_robot_preview_image}</arg>
<arg>visible</arg>
<tag>PageContent</tag>
<tag>Wait</tag>
<doc>Waits for the element found by ``selector`` to satisfy state option.</doc>
<msg timestamp="20220715 14:42:29.594" level="INFO">Wait for Element with selector: id=robot-preview-image</msg>
<status status="PASS" starttime="20220715 14:42:29.571" endtime="20220715 14:42:29.594"/>
</kw>
<kw name="Sleep" library="BuiltIn">
<arg>2s</arg>
<doc>Pauses the test executed for the given time.</doc>
<msg timestamp="20220715 14:42:31.595" level="INFO">Slept 2 seconds</msg>
<status status="PASS" starttime="20220715 14:42:29.594" endtime="20220715 14:42:31.595"/>
</kw>
<status status="PASS" starttime="20220715 14:42:29.516" endtime="20220715 14:42:31.595"/>
</kw>
<kw name="Take screenshot of the robot image">
<var>${screenshot}</var>
<arg>${order}[Order number]</arg>
<kw name="Set Local Variable" library="BuiltIn">
<arg>${file_path}</arg>
<arg>${screenshot_dir}${/}robot_preview_image_${order_number}.png</arg>
<doc>Makes a variable available everywhere within the local scope.</doc>
<msg timestamp="20220715 14:42:31.595" level="INFO">${file_path} = c:\Users\MirzaTalhaBaig\Desktop\rpa_-_order-robot_-_robocorp-certificate_II-main\output\screenshots\robot_preview_image_3.png</msg>
<status status="PASS" starttime="20220715 14:42:31.595" endtime="20220715 14:42:31.595"/>
</kw>
<kw name="Take Screenshot" library="RPA.Browser.Playwright">
<arg>filename=${file_path}</arg>
<arg>selector=${order_page_robot_preview_image}</arg>
<arg>fullPage=False</arg>
<arg>timeout=2</arg>
<tag>PageContent</tag>
<doc>Takes a screenshot of the current window or element and saves it to disk.</doc>
<msg timestamp="20220715 14:42:31.760" level="INFO" html="true">&lt;/td&gt;&lt;/tr&gt;&lt;tr&gt;&lt;td colspan="3"&gt;&lt;a href="file:///C:/Users/MirzaTalhaBaig/Desktop/rpa_-_order-robot_-_robocorp-certificate_II-main/output/screenshots/robot_preview_image_3.png"&gt;&lt;img src="file:///C:/Users/MirzaTalhaBaig/Desktop/rpa_-_order-robot_-_robocorp-certificate_II-main/output/screenshots/robot_preview_image_3.png" width="800px"&gt;&lt;/a&gt;</msg>
<status status="PASS" starttime="20220715 14:42:31.595" endtime="20220715 14:42:31.760"/>
</kw>
<msg timestamp="20220715 14:42:31.760" level="INFO">${screenshot} = c:\Users\MirzaTalhaBaig\Desktop\rpa_-_order-robot_-_robocorp-certificate_II-main\output\screenshots\robot_preview_image_3.png</msg>
<status status="PASS" starttime="20220715 14:42:31.595" endtime="20220715 14:42:31.760"/>
</kw>
<kw name="Wait Until Keyword Succeeds" library="BuiltIn">
<arg>5x</arg>
<arg>0.5 sec</arg>
<arg>Submit order</arg>
<doc>Runs the specified keyword and retries if it fails.</doc>
<kw name="Submit order">
<kw name="Click" library="RPA.Browser.Playwright">
<arg>${order_page_submit_btn}</arg>
<tag>PageContent</tag>
<tag>Setter</tag>
<doc>Simulates mouse click on the element found by ``selector``.</doc>
<status status="PASS" starttime="20220715 14:42:31.767" endtime="20220715 14:42:31.816"/>
</kw>
<kw name="Wait For Elements State" library="RPA.Browser.Playwright">
<arg>${order_page_receipt_alert}</arg>
<arg>visible</arg>
<tag>PageContent</tag>
<tag>Wait</tag>
<doc>Waits for the element found by ``selector`` to satisfy state option.</doc>
<msg timestamp="20220715 14:42:31.827" level="INFO">Wait for Element with selector: id=receipt</msg>
<status status="PASS" starttime="20220715 14:42:31.816" endtime="20220715 14:42:31.827"/>
</kw>
<kw name="Wait For Elements State" library="RPA.Browser.Playwright">
<arg>${order_page_order_another_btn}</arg>
<arg>visible</arg>
<tag>PageContent</tag>
<tag>Wait</tag>
<doc>Waits for the element found by ``selector`` to satisfy state option.</doc>
<msg timestamp="20220715 14:42:31.844" level="INFO">Wait for Element with selector: id=order-another</msg>
<status status="PASS" starttime="20220715 14:42:31.827" endtime="20220715 14:42:31.844"/>
</kw>
<status status="PASS" starttime="20220715 14:42:31.767" endtime="20220715 14:42:31.844"/>
</kw>
<status status="PASS" starttime="20220715 14:42:31.767" endtime="20220715 14:42:31.844"/>
</kw>
<kw name="Create receipt PDF with robot preview image">
<arg>${order}[Order number]</arg>
<arg>${screenshot}</arg>
<kw name="Store order receipt as PDF file">
<var>${pdf}</var>
<arg>${order_number}</arg>
<kw name="Get Property" library="RPA.Browser.Playwright">
<var>${receipt_html}</var>
<arg>${order_page_receipt_alert}</arg>
<arg>outerHTML</arg>
<tag>Assertion</tag>
<tag>Getter</tag>
<tag>PageContent</tag>
<doc>Returns the ``property`` of the element found by ``selector``.</doc>
<msg timestamp="20220715 14:42:31.860" level="INFO">${receipt_html} = &lt;div id="receipt" class="alert alert-success" role="alert"&gt;&lt;h3&gt;Receipt&lt;/h3&gt;&lt;div&gt;2022-07-15T09:42:31.803Z&lt;/div&gt;&lt;p class="badge badge-success"&gt;RSB-ROBO-ORDER-LFE68RDTTT&lt;/p&gt;&lt;p&gt;Address 789&lt;/p&gt;&lt;div id="par...</msg>
<status status="PASS" starttime="20220715 14:42:31.844" endtime="20220715 14:42:31.860"/>
</kw>
<kw name="Set Local Variable" library="BuiltIn">
<arg>${file_path}</arg>
<arg>${receipt_dir}${/}receipt_${order_number}.pdf</arg>
<doc>Makes a variable available everywhere within the local scope.</doc>
<msg timestamp="20220715 14:42:31.860" level="INFO">${file_path} = c:\Users\MirzaTalhaBaig\Desktop\rpa_-_order-robot_-_robocorp-certificate_II-main\output\receipts\receipt_3.pdf</msg>
<status status="PASS" starttime="20220715 14:42:31.860" endtime="20220715 14:42:31.860"/>
</kw>
<kw name="Html To Pdf" library="RPA.PDF">
<arg>${receipt_html}</arg>
<arg>${file_path}</arg>
<doc>Generate a PDF file from HTML content.</doc>
<msg timestamp="20220715 14:42:31.860" level="INFO">Writing output to file C:\Users\MirzaTalhaBaig\Desktop\rpa_-_order-robot_-_robocorp-certificate_II-main\output\receipts\receipt_3.pdf</msg>
<status status="PASS" starttime="20220715 14:42:31.860" endtime="20220715 14:42:31.860"/>
</kw>
<msg timestamp="20220715 14:42:31.860" level="INFO">${pdf} = c:\Users\MirzaTalhaBaig\Desktop\rpa_-_order-robot_-_robocorp-certificate_II-main\output\receipts\receipt_3.pdf</msg>
<status status="PASS" starttime="20220715 14:42:31.844" endtime="20220715 14:42:31.860"/>
</kw>
<kw name="Embed robot preview screenshot to receipt PDF file">
<arg>${screenshot}</arg>
<arg>${pdf}</arg>
<kw name="Open Pdf" library="RPA.PDF">
<arg>${pdf}</arg>
<doc>Open a PDF document for reading.</doc>
<status status="PASS" starttime="20220715 14:42:31.860" endtime="20220715 14:42:31.860"/>
</kw>
<kw name="Create List" library="BuiltIn">
<var>${image_files}</var>
<arg>${screenshot}:align=center</arg>
<doc>Returns a list containing given items.</doc>
<msg timestamp="20220715 14:42:31.860" level="INFO">${image_files} = ['c:\\Users\\MirzaTalhaBaig\\Desktop\\rpa_-_order-robot_-_robocorp-certificate_II-main\\output\\screenshots\\robot_preview_image_3.png:align=center']</msg>
<status status="PASS" starttime="20220715 14:42:31.860" endtime="20220715 14:42:31.860"/>
</kw>
<kw name="Add Files To Pdf" library="RPA.PDF">
<arg>${image_files}</arg>
<arg>${pdf}</arg>
<arg>append=True</arg>
<doc>Add images and/or pdfs to new PDF document</doc>
<msg timestamp="20220715 14:42:31.860" level="INFO">Adding page: 0</msg>
<msg timestamp="20220715 14:42:31.860" level="INFO">File c:\Users\MirzaTalhaBaig\Desktop\rpa_-_order-robot_-_robocorp-certificate_II-main\output\screenshots\robot_preview_image_3.png type: png</msg>
<msg timestamp="20220715 14:42:31.860" level="INFO">Image parameters: {'align': 'center'}</msg>
<status status="PASS" starttime="20220715 14:42:31.860" endtime="20220715 14:42:31.892"/>
</kw>
<kw name="Close Pdf" library="RPA.PDF">
<arg>${pdf}</arg>
<doc>Close PDF file descriptor for certain file.</doc>
<msg timestamp="20220715 14:42:31.892" level="INFO">Closing PDF document: c:\Users\MirzaTalhaBaig\Desktop\rpa_-_order-robot_-_robocorp-certificate_II-main\output\receipts\receipt_3.pdf</msg>
<status status="PASS" starttime="20220715 14:42:31.892" endtime="20220715 14:42:31.892"/>
</kw>
<status status="PASS" starttime="20220715 14:42:31.860" endtime="20220715 14:42:31.892"/>
</kw>
<status status="PASS" starttime="20220715 14:42:31.844" endtime="20220715 14:42:31.892"/>
</kw>
<kw name="Order new robot">
<kw name="Click" library="RPA.Browser.Playwright">
<arg>${order_page_order_another_btn}</arg>
<tag>PageContent</tag>
<tag>Setter</tag>
<doc>Simulates mouse click on the element found by ``selector``.</doc>
<status status="PASS" starttime="20220715 14:42:31.892" endtime="20220715 14:42:32.072"/>
</kw>
<kw name="Wait For Elements State" library="RPA.Browser.Playwright">
<arg>${order_page_submit_btn}</arg>
<arg>visible</arg>
<tag>PageContent</tag>
<tag>Wait</tag>
<doc>Waits for the element found by ``selector`` to satisfy state option.</doc>
<msg timestamp="20220715 14:42:32.100" level="INFO">Wait for Element with selector: id=order</msg>
<status status="PASS" starttime="20220715 14:42:32.072" endtime="20220715 14:42:32.101"/>
</kw>
<status status="PASS" starttime="20220715 14:42:31.892" endtime="20220715 14:42:32.101"/>
</kw>
<status status="PASS" starttime="20220715 14:42:29.345" endtime="20220715 14:42:32.101"/>
</iter>
<iter>
<var name="${order}">{'Order number': '4', 'Head': '2', 'Body': '3', 'Legs': '2', 'Address': 'Address 1'}</var>
<kw name="Close modal">
<kw name="Click" library="RPA.Browser.Playwright">
<arg>${cookies_accept_btn}</arg>
<tag>PageContent</tag>
<tag>Setter</tag>
<doc>Simulates mouse click on the element found by ``selector``.</doc>
<status status="PASS" starttime="20220715 14:42:32.102" endtime="20220715 14:42:32.144"/>
</kw>
<kw name="Wait For Elements State" library="RPA.Browser.Playwright">
<arg>${modal_content}</arg>
<arg>hidden</arg>
<tag>PageContent</tag>
<tag>Wait</tag>
<doc>Waits for the element found by ``selector`` to satisfy state option.</doc>
<msg timestamp="20220715 14:42:32.160" level="INFO">Wait for Element with selector: .modal-content</msg>
<status status="PASS" starttime="20220715 14:42:32.144" endtime="20220715 14:42:32.160"/>
</kw>
<status status="PASS" starttime="20220715 14:42:32.101" endtime="20220715 14:42:32.160"/>
</kw>
<kw name="Fill order form">
<arg>${order}</arg>
<kw name="Fill in order parameters" library="OrderPage">
<arg>${order_table_row}</arg>
<kw name="Select Options By" library="RPA.Browser.Playwright">
<arg>${order_page_head_select}</arg>
<arg>value</arg>
<arg>${order_table_row}[Head]</arg>
<tag>PageContent</tag>
<tag>Setter</tag>
<doc>Selects options from select element found by ``selector``.</doc>
<status status="PASS" starttime="20220715 14:42:32.160" endtime="20220715 14:42:32.176"/>
</kw>
<kw name="Check Checkbox" library="RPA.Browser.Playwright">
<arg>${order_page_body_checkbox_prefix}${order_table_row}[Body]</arg>
<tag>PageContent</tag>
<tag>Setter</tag>
<doc>Checks the checkbox or selects radio button found by ``selector``.</doc>
<status status="PASS" starttime="20220715 14:42:32.176" endtime="20220715 14:42:32.242"/>
</kw>
<kw name="Fill Text" library="RPA.Browser.Playwright">
<arg>${order_page_legs_part_number_field}</arg>
<arg>${order_table_row}[Legs]</arg>
<tag>PageContent</tag>
<tag>Setter</tag>
<doc>Clears and fills the given ``txt`` into the text field found by ``selector``.</doc>
<msg timestamp="20220715 14:42:32.242" level="INFO">Fills the text '2' in the given field.</msg>
<status status="PASS" starttime="20220715 14:42:32.242" endtime="20220715 14:42:32.266"/>
</kw>
<kw name="Fill Text" library="RPA.Browser.Playwright">
<arg>${order_page_address_field}</arg>
<arg>${order_table_row}[Address]</arg>
<tag>PageContent</tag>
<tag>Setter</tag>
<doc>Clears and fills the given ``txt`` into the text field found by ``selector``.</doc>
<msg timestamp="20220715 14:42:32.274" level="INFO">Fills the text 'Address 1' in the given field.</msg>
<status status="PASS" starttime="20220715 14:42:32.266" endtime="20220715 14:42:32.290"/>
</kw>
<status status="PASS" starttime="20220715 14:42:32.160" endtime="20220715 14:42:32.290"/>
</kw>
<status status="PASS" starttime="20220715 14:42:32.160" endtime="20220715 14:42:32.290"/>
</kw>
<kw name="Preview robot">
<kw name="Click" library="RPA.Browser.Playwright">
<arg>${order_page_preview_btn}</arg>
<tag>PageContent</tag>
<tag>Setter</tag>
<doc>Simulates mouse click on the element found by ``selector``.</doc>
<status status="PASS" starttime="20220715 14:42:32.290" endtime="20220715 14:42:32.344"/>
</kw>
<kw name="Wait For Elements State" library="RPA.Browser.Playwright">
<arg>${order_page_robot_preview_image}</arg>
<arg>visible</arg>
<tag>PageContent</tag>
<tag>Wait</tag>
<doc>Waits for the element found by ``selector`` to satisfy state option.</doc>
<msg timestamp="20220715 14:42:32.361" level="INFO">Wait for Element with selector: id=robot-preview-image</msg>
<status status="PASS" starttime="20220715 14:42:32.344" endtime="20220715 14:42:32.361"/>
</kw>
<kw name="Sleep" library="BuiltIn">
<arg>2s</arg>
<doc>Pauses the test executed for the given time.</doc>
<msg timestamp="20220715 14:42:34.367" level="INFO">Slept 2 seconds</msg>
<status status="PASS" starttime="20220715 14:42:32.361" endtime="20220715 14:42:34.367"/>
</kw>
<status status="PASS" starttime="20220715 14:42:32.290" endtime="20220715 14:42:34.367"/>
</kw>
<kw name="Take screenshot of the robot image">
<var>${screenshot}</var>
<arg>${order}[Order number]</arg>
<kw name="Set Local Variable" library="BuiltIn">
<arg>${file_path}</arg>
<arg>${screenshot_dir}${/}robot_preview_image_${order_number}.png</arg>
<doc>Makes a variable available everywhere within the local scope.</doc>
<msg timestamp="20220715 14:42:34.367" level="INFO">${file_path} = c:\Users\MirzaTalhaBaig\Desktop\rpa_-_order-robot_-_robocorp-certificate_II-main\output\screenshots\robot_preview_image_4.png</msg>
<status status="PASS" starttime="20220715 14:42:34.367" endtime="20220715 14:42:34.367"/>
</kw>
<kw name="Take Screenshot" library="RPA.Browser.Playwright">
<arg>filename=${file_path}</arg>
<arg>selector=${order_page_robot_preview_image}</arg>
<arg>fullPage=False</arg>
<arg>timeout=2</arg>
<tag>PageContent</tag>
<doc>Takes a screenshot of the current window or element and saves it to disk.</doc>
<msg timestamp="20220715 14:42:34.480" level="INFO" html="true">&lt;/td&gt;&lt;/tr&gt;&lt;tr&gt;&lt;td colspan="3"&gt;&lt;a href="file:///C:/Users/MirzaTalhaBaig/Desktop/rpa_-_order-robot_-_robocorp-certificate_II-main/output/screenshots/robot_preview_image_4.png"&gt;&lt;img src="file:///C:/Users/MirzaTalhaBaig/Desktop/rpa_-_order-robot_-_robocorp-certificate_II-main/output/screenshots/robot_preview_image_4.png" width="800px"&gt;&lt;/a&gt;</msg>
<status status="PASS" starttime="20220715 14:42:34.367" endtime="20220715 14:42:34.480"/>
</kw>
<msg timestamp="20220715 14:42:34.480" level="INFO">${screenshot} = c:\Users\MirzaTalhaBaig\Desktop\rpa_-_order-robot_-_robocorp-certificate_II-main\output\screenshots\robot_preview_image_4.png</msg>
<status status="PASS" starttime="20220715 14:42:34.367" endtime="20220715 14:42:34.480"/>
</kw>
<kw name="Wait Until Keyword Succeeds" library="BuiltIn">
<arg>5x</arg>
<arg>0.5 sec</arg>
<arg>Submit order</arg>
<doc>Runs the specified keyword and retries if it fails.</doc>
<kw name="Submit order">
<kw name="Click" library="RPA.Browser.Playwright">
<arg>${order_page_submit_btn}</arg>
<tag>PageContent</tag>
<tag>Setter</tag>
<doc>Simulates mouse click on the element found by ``selector``.</doc>
<status status="PASS" starttime="20220715 14:42:34.480" endtime="20220715 14:42:34.530"/>
</kw>
<kw name="Wait For Elements State" library="RPA.Browser.Playwright">
<arg>${order_page_receipt_alert}</arg>
<arg>visible</arg>
<tag>PageContent</tag>
<tag>Wait</tag>
<doc>Waits for the element found by ``selector`` to satisfy state option.</doc>
<msg timestamp="20220715 14:42:34.544" level="INFO">Wait for Element with selector: id=receipt</msg>
<status status="PASS" starttime="20220715 14:42:34.530" endtime="20220715 14:42:34.544"/>
</kw>
<kw name="Wait For Elements State" library="RPA.Browser.Playwright">
<arg>${order_page_order_another_btn}</arg>
<arg>visible</arg>
<tag>PageContent</tag>
<tag>Wait</tag>
<doc>Waits for the element found by ``selector`` to satisfy state option.</doc>
<msg timestamp="20220715 14:42:34.557" level="INFO">Wait for Element with selector: id=order-another</msg>
<status status="PASS" starttime="20220715 14:42:34.545" endtime="20220715 14:42:34.557"/>
</kw>
<status status="PASS" starttime="20220715 14:42:34.480" endtime="20220715 14:42:34.557"/>
</kw>
<status status="PASS" starttime="20220715 14:42:34.480" endtime="20220715 14:42:34.557"/>
</kw>
<kw name="Create receipt PDF with robot preview image">
<arg>${order}[Order number]</arg>
<arg>${screenshot}</arg>
<kw name="Store order receipt as PDF file">
<var>${pdf}</var>
<arg>${order_number}</arg>
<kw name="Get Property" library="RPA.Browser.Playwright">
<var>${receipt_html}</var>
<arg>${order_page_receipt_alert}</arg>
<arg>outerHTML</arg>
<tag>Assertion</tag>
<tag>Getter</tag>
<tag>PageContent</tag>
<doc>Returns the ``property`` of the element found by ``selector``.</doc>
<msg timestamp="20220715 14:42:34.577" level="INFO">${receipt_html} = &lt;div id="receipt" class="alert alert-success" role="alert"&gt;&lt;h3&gt;Receipt&lt;/h3&gt;&lt;div&gt;2022-07-15T09:42:34.517Z&lt;/div&gt;&lt;p class="badge badge-success"&gt;RSB-ROBO-ORDER-VDYCF57AE7&lt;/p&gt;&lt;p&gt;Address 1&lt;/p&gt;&lt;div id="parts...</msg>
<status status="PASS" starttime="20220715 14:42:34.557" endtime="20220715 14:42:34.577"/>
</kw>
<kw name="Set Local Variable" library="BuiltIn">
<arg>${file_path}</arg>
<arg>${receipt_dir}${/}receipt_${order_number}.pdf</arg>
<doc>Makes a variable available everywhere within the local scope.</doc>
<msg timestamp="20220715 14:42:34.577" level="INFO">${file_path} = c:\Users\MirzaTalhaBaig\Desktop\rpa_-_order-robot_-_robocorp-certificate_II-main\output\receipts\receipt_4.pdf</msg>
<status status="PASS" starttime="20220715 14:42:34.577" endtime="20220715 14:42:34.577"/>
</kw>
<kw name="Html To Pdf" library="RPA.PDF">
<arg>${receipt_html}</arg>
<arg>${file_path}</arg>
<doc>Generate a PDF file from HTML content.</doc>
<msg timestamp="20220715 14:42:34.577" level="INFO">Writing output to file C:\Users\MirzaTalhaBaig\Desktop\rpa_-_order-robot_-_robocorp-certificate_II-main\output\receipts\receipt_4.pdf</msg>
<status status="PASS" starttime="20220715 14:42:34.577" endtime="20220715 14:42:34.577"/>
</kw>
<msg timestamp="20220715 14:42:34.577" level="INFO">${pdf} = c:\Users\MirzaTalhaBaig\Desktop\rpa_-_order-robot_-_robocorp-certificate_II-main\output\receipts\receipt_4.pdf</msg>
<status status="PASS" starttime="20220715 14:42:34.557" endtime="20220715 14:42:34.577"/>
</kw>
<kw name="Embed robot preview screenshot to receipt PDF file">
<arg>${screenshot}</arg>
<arg>${pdf}</arg>
<kw name="Open Pdf" library="RPA.PDF">
<arg>${pdf}</arg>
<doc>Open a PDF document for reading.</doc>
<status status="PASS" starttime="20220715 14:42:34.577" endtime="20220715 14:42:34.577"/>
</kw>
<kw name="Create List" library="BuiltIn">
<var>${image_files}</var>
<arg>${screenshot}:align=center</arg>
<doc>Returns a list containing given items.</doc>
<msg timestamp="20220715 14:42:34.585" level="INFO">${image_files} = ['c:\\Users\\MirzaTalhaBaig\\Desktop\\rpa_-_order-robot_-_robocorp-certificate_II-main\\output\\screenshots\\robot_preview_image_4.png:align=center']</msg>
<status status="PASS" starttime="20220715 14:42:34.577" endtime="20220715 14:42:34.585"/>
</kw>
<kw name="Add Files To Pdf" library="RPA.PDF">
<arg>${image_files}</arg>
<arg>${pdf}</arg>
<arg>append=True</arg>
<doc>Add images and/or pdfs to new PDF document</doc>
<msg timestamp="20220715 14:42:34.585" level="INFO">Adding page: 0</msg>
<msg timestamp="20220715 14:42:34.585" level="INFO">File c:\Users\MirzaTalhaBaig\Desktop\rpa_-_order-robot_-_robocorp-certificate_II-main\output\screenshots\robot_preview_image_4.png type: png</msg>
<msg timestamp="20220715 14:42:34.585" level="INFO">Image parameters: {'align': 'center'}</msg>
<status status="PASS" starttime="20220715 14:42:34.585" endtime="20220715 14:42:34.601"/>
</kw>
<kw name="Close Pdf" library="RPA.PDF">
<arg>${pdf}</arg>
<doc>Close PDF file descriptor for certain file.</doc>
<msg timestamp="20220715 14:42:34.601" level="INFO">Closing PDF document: c:\Users\MirzaTalhaBaig\Desktop\rpa_-_order-robot_-_robocorp-certificate_II-main\output\receipts\receipt_4.pdf</msg>
<status status="PASS" starttime="20220715 14:42:34.601" endtime="20220715 14:42:34.601"/>
</kw>
<status status="PASS" starttime="20220715 14:42:34.577" endtime="20220715 14:42:34.601"/>
</kw>
<status status="PASS" starttime="20220715 14:42:34.557" endtime="20220715 14:42:34.601"/>
</kw>
<kw name="Order new robot">
<kw name="Click" library="RPA.Browser.Playwright">
<arg>${order_page_order_another_btn}</arg>
<tag>PageContent</tag>
<tag>Setter</tag>
<doc>Simulates mouse click on the element found by ``selector``.</doc>
<status status="PASS" starttime="20220715 14:42:34.601" endtime="20220715 14:42:34.770"/>
</kw>
<kw name="Wait For Elements State" library="RPA.Browser.Playwright">
<arg>${order_page_submit_btn}</arg>
<arg>visible</arg>
<tag>PageContent</tag>
<tag>Wait</tag>
<doc>Waits for the element found by ``selector`` to satisfy state option.</doc>
<msg timestamp="20220715 14:42:34.794" level="INFO">Wait for Element with selector: id=order</msg>
<status status="PASS" starttime="20220715 14:42:34.770" endtime="20220715 14:42:34.794"/>
</kw>
<status status="PASS" starttime="20220715 14:42:34.601" endtime="20220715 14:42:34.794"/>
</kw>
<status status="PASS" starttime="20220715 14:42:32.101" endtime="20220715 14:42:34.794"/>
</iter>
<iter>
<var name="${order}">{'Order number': '5', 'Head': '3', 'Body': '5', 'Legs': '1', 'Address': 'Address 2'}</var>
<kw name="Close modal">
<kw name="Click" library="RPA.Browser.Playwright">
<arg>${cookies_accept_btn}</arg>
<tag>PageContent</tag>
<tag>Setter</tag>
<doc>Simulates mouse click on the element found by ``selector``.</doc>
<status status="PASS" starttime="20220715 14:42:34.794" endtime="20220715 14:42:34.851"/>
</kw>
<kw name="Wait For Elements State" library="RPA.Browser.Playwright">
<arg>${modal_content}</arg>
<arg>hidden</arg>
<tag>PageContent</tag>
<tag>Wait</tag>
<doc>Waits for the element found by ``selector`` to satisfy state option.</doc>
<msg timestamp="20220715 14:42:34.871" level="INFO">Wait for Element with selector: .modal-content</msg>
<status status="PASS" starttime="20220715 14:42:34.851" endtime="20220715 14:42:34.871"/>
</kw>
<status status="PASS" starttime="20220715 14:42:34.794" endtime="20220715 14:42:34.871"/>
</kw>
<kw name="Fill order form">
<arg>${order}</arg>
<kw name="Fill in order parameters" library="OrderPage">
<arg>${order_table_row}</arg>
<kw name="Select Options By" library="RPA.Browser.Playwright">
<arg>${order_page_head_select}</arg>
<arg>value</arg>
<arg>${order_table_row}[Head]</arg>
<tag>PageContent</tag>
<tag>Setter</tag>
<doc>Selects options from select element found by ``selector``.</doc>
<status status="PASS" starttime="20220715 14:42:34.871" endtime="20220715 14:42:34.883"/>
</kw>
<kw name="Check Checkbox" library="RPA.Browser.Playwright">
<arg>${order_page_body_checkbox_prefix}${order_table_row}[Body]</arg>
<tag>PageContent</tag>
<tag>Setter</tag>
<doc>Checks the checkbox or selects radio button found by ``selector``.</doc>
<status status="PASS" starttime="20220715 14:42:34.883" endtime="20220715 14:42:34.933"/>
</kw>
<kw name="Fill Text" library="RPA.Browser.Playwright">
<arg>${order_page_legs_part_number_field}</arg>
<arg>${order_table_row}[Legs]</arg>
<tag>PageContent</tag>
<tag>Setter</tag>
<doc>Clears and fills the given ``txt`` into the text field found by ``selector``.</doc>
<msg timestamp="20220715 14:42:34.933" level="INFO">Fills the text '1' in the given field.</msg>
<status status="PASS" starttime="20220715 14:42:34.933" endtime="20220715 14:42:34.949"/>
</kw>
<kw name="Fill Text" library="RPA.Browser.Playwright">
<arg>${order_page_address_field}</arg>
<arg>${order_table_row}[Address]</arg>
<tag>PageContent</tag>
<tag>Setter</tag>
<doc>Clears and fills the given ``txt`` into the text field found by ``selector``.</doc>
<msg timestamp="20220715 14:42:34.949" level="INFO">Fills the text 'Address 2' in the given field.</msg>
<status status="PASS" starttime="20220715 14:42:34.949" endtime="20220715 14:42:34.973"/>
</kw>
<status status="PASS" starttime="20220715 14:42:34.871" endtime="20220715 14:42:34.973"/>
</kw>
<status status="PASS" starttime="20220715 14:42:34.871" endtime="20220715 14:42:34.973"/>
</kw>
<kw name="Preview robot">
<kw name="Click" library="RPA.Browser.Playwright">
<arg>${order_page_preview_btn}</arg>
<tag>PageContent</tag>
<tag>Setter</tag>
<doc>Simulates mouse click on the element found by ``selector``.</doc>
<status status="PASS" starttime="20220715 14:42:34.973" endtime="20220715 14:42:35.033"/>
</kw>
<kw name="Wait For Elements State" library="RPA.Browser.Playwright">
<arg>${order_page_robot_preview_image}</arg>
<arg>visible</arg>
<tag>PageContent</tag>
<tag>Wait</tag>
<doc>Waits for the element found by ``selector`` to satisfy state option.</doc>
<msg timestamp="20220715 14:42:35.050" level="INFO">Wait for Element with selector: id=robot-preview-image</msg>
<status status="PASS" starttime="20220715 14:42:35.033" endtime="20220715 14:42:35.050"/>
</kw>
<kw name="Sleep" library="BuiltIn">
<arg>2s</arg>
<doc>Pauses the test executed for the given time.</doc>
<msg timestamp="20220715 14:42:37.062" level="INFO">Slept 2 seconds</msg>
<status status="PASS" starttime="20220715 14:42:35.050" endtime="20220715 14:42:37.062"/>
</kw>
<status status="PASS" starttime="20220715 14:42:34.973" endtime="20220715 14:42:37.062"/>
</kw>
<kw name="Take screenshot of the robot image">
<var>${screenshot}</var>
<arg>${order}[Order number]</arg>
<kw name="Set Local Variable" library="BuiltIn">
<arg>${file_path}</arg>
<arg>${screenshot_dir}${/}robot_preview_image_${order_number}.png</arg>
<doc>Makes a variable available everywhere within the local scope.</doc>
<msg timestamp="20220715 14:42:37.062" level="INFO">${file_path} = c:\Users\MirzaTalhaBaig\Desktop\rpa_-_order-robot_-_robocorp-certificate_II-main\output\screenshots\robot_preview_image_5.png</msg>
<status status="PASS" starttime="20220715 14:42:37.062" endtime="20220715 14:42:37.062"/>
</kw>
<kw name="Take Screenshot" library="RPA.Browser.Playwright">
<arg>filename=${file_path}</arg>
<arg>selector=${order_page_robot_preview_image}</arg>
<arg>fullPage=False</arg>
<arg>timeout=2</arg>
<tag>PageContent</tag>
<doc>Takes a screenshot of the current window or element and saves it to disk.</doc>
<msg timestamp="20220715 14:42:37.232" level="INFO" html="true">&lt;/td&gt;&lt;/tr&gt;&lt;tr&gt;&lt;td colspan="3"&gt;&lt;a href="file:///C:/Users/MirzaTalhaBaig/Desktop/rpa_-_order-robot_-_robocorp-certificate_II-main/output/screenshots/robot_preview_image_5.png"&gt;&lt;img src="file:///C:/Users/MirzaTalhaBaig/Desktop/rpa_-_order-robot_-_robocorp-certificate_II-main/output/screenshots/robot_preview_image_5.png" width="800px"&gt;&lt;/a&gt;</msg>
<status status="PASS" starttime="20220715 14:42:37.062" endtime="20220715 14:42:37.232"/>
</kw>
<msg timestamp="20220715 14:42:37.232" level="INFO">${screenshot} = c:\Users\MirzaTalhaBaig\Desktop\rpa_-_order-robot_-_robocorp-certificate_II-main\output\screenshots\robot_preview_image_5.png</msg>
<status status="PASS" starttime="20220715 14:42:37.062" endtime="20220715 14:42:37.232"/>
</kw>
<kw name="Wait Until Keyword Succeeds" library="BuiltIn">
<arg>5x</arg>
<arg>0.5 sec</arg>
<arg>Submit order</arg>
<doc>Runs the specified keyword and retries if it fails.</doc>
<kw name="Submit order">
<kw name="Click" library="RPA.Browser.Playwright">
<arg>${order_page_submit_btn}</arg>
<tag>PageContent</tag>
<tag>Setter</tag>
<doc>Simulates mouse click on the element found by ``selector``.</doc>
<status status="PASS" starttime="20220715 14:42:37.236" endtime="20220715 14:42:37.303"/>
</kw>
<kw name="Wait For Elements State" library="RPA.Browser.Playwright">
<arg>${order_page_receipt_alert}</arg>
<arg>visible</arg>
<tag>PageContent</tag>
<tag>Wait</tag>
<doc>Waits for the element found by ``selector`` to satisfy state option.</doc>
<msg timestamp="20220715 14:42:37.319" level="INFO">Wait for Element with selector: id=receipt</msg>
<status status="PASS" starttime="20220715 14:42:37.303" endtime="20220715 14:42:37.319"/>
</kw>
<kw name="Wait For Elements State" library="RPA.Browser.Playwright">
<arg>${order_page_order_another_btn}</arg>
<arg>visible</arg>
<tag>PageContent</tag>
<tag>Wait</tag>
<doc>Waits for the element found by ``selector`` to satisfy state option.</doc>
<msg timestamp="20220715 14:42:37.335" level="INFO">Wait for Element with selector: id=order-another</msg>
<status status="PASS" starttime="20220715 14:42:37.319" endtime="20220715 14:42:37.335"/>
</kw>
<status status="PASS" starttime="20220715 14:42:37.236" endtime="20220715 14:42:37.335"/>
</kw>
<status status="PASS" starttime="20220715 14:42:37.232" endtime="20220715 14:42:37.335"/>
</kw>
<kw name="Create receipt PDF with robot preview image">
<arg>${order}[Order number]</arg>
<arg>${screenshot}</arg>
<kw name="Store order receipt as PDF file">
<var>${pdf}</var>
<arg>${order_number}</arg>
<kw name="Get Property" library="RPA.Browser.Playwright">
<var>${receipt_html}</var>
<arg>${order_page_receipt_alert}</arg>
<arg>outerHTML</arg>
<tag>Assertion</tag>
<tag>Getter</tag>
<tag>PageContent</tag>
<doc>Returns the ``property`` of the element found by ``selector``.</doc>
<msg timestamp="20220715 14:42:37.351" level="INFO">${receipt_html} = &lt;div id="receipt" class="alert alert-success" role="alert"&gt;&lt;h3&gt;Receipt&lt;/h3&gt;&lt;div&gt;2022-07-15T09:42:37.291Z&lt;/div&gt;&lt;p class="badge badge-success"&gt;RSB-ROBO-ORDER-0ITBRXBS5J&lt;/p&gt;&lt;p&gt;Address 2&lt;/p&gt;&lt;div id="parts...</msg>
<status status="PASS" starttime="20220715 14:42:37.335" endtime="20220715 14:42:37.351"/>
</kw>
<kw name="Set Local Variable" library="BuiltIn">
<arg>${file_path}</arg>
<arg>${receipt_dir}${/}receipt_${order_number}.pdf</arg>
<doc>Makes a variable available everywhere within the local scope.</doc>
<msg timestamp="20220715 14:42:37.351" level="INFO">${file_path} = c:\Users\MirzaTalhaBaig\Desktop\rpa_-_order-robot_-_robocorp-certificate_II-main\output\receipts\receipt_5.pdf</msg>
<status status="PASS" starttime="20220715 14:42:37.351" endtime="20220715 14:42:37.351"/>
</kw>
<kw name="Html To Pdf" library="RPA.PDF">
<arg>${receipt_html}</arg>
<arg>${file_path}</arg>
<doc>Generate a PDF file from HTML content.</doc>
<msg timestamp="20220715 14:42:37.351" level="INFO">Writing output to file C:\Users\MirzaTalhaBaig\Desktop\rpa_-_order-robot_-_robocorp-certificate_II-main\output\receipts\receipt_5.pdf</msg>
<status status="PASS" starttime="20220715 14:42:37.351" endtime="20220715 14:42:37.351"/>
</kw>
<msg timestamp="20220715 14:42:37.351" level="INFO">${pdf} = c:\Users\MirzaTalhaBaig\Desktop\rpa_-_order-robot_-_robocorp-certificate_II-main\output\receipts\receipt_5.pdf</msg>
<status status="PASS" starttime="20220715 14:42:37.335" endtime="20220715 14:42:37.351"/>
</kw>
<kw name="Embed robot preview screenshot to receipt PDF file">
<arg>${screenshot}</arg>
<arg>${pdf}</arg>
<kw name="Open Pdf" library="RPA.PDF">
<arg>${pdf}</arg>
<doc>Open a PDF document for reading.</doc>
<status status="PASS" starttime="20220715 14:42:37.351" endtime="20220715 14:42:37.351"/>
</kw>
<kw name="Create List" library="BuiltIn">
<var>${image_files}</var>
<arg>${screenshot}:align=center</arg>
<doc>Returns a list containing given items.</doc>
<msg timestamp="20220715 14:42:37.351" level="INFO">${image_files} = ['c:\\Users\\MirzaTalhaBaig\\Desktop\\rpa_-_order-robot_-_robocorp-certificate_II-main\\output\\screenshots\\robot_preview_image_5.png:align=center']</msg>
<status status="PASS" starttime="20220715 14:42:37.351" endtime="20220715 14:42:37.351"/>
</kw>
<kw name="Add Files To Pdf" library="RPA.PDF">
<arg>${image_files}</arg>
<arg>${pdf}</arg>
<arg>append=True</arg>
<doc>Add images and/or pdfs to new PDF document</doc>
<msg timestamp="20220715 14:42:37.351" level="INFO">Adding page: 0</msg>
<msg timestamp="20220715 14:42:37.351" level="INFO">File c:\Users\MirzaTalhaBaig\Desktop\rpa_-_order-robot_-_robocorp-certificate_II-main\output\screenshots\robot_preview_image_5.png type: png</msg>
<msg timestamp="20220715 14:42:37.351" level="INFO">Image parameters: {'align': 'center'}</msg>
<status status="PASS" starttime="20220715 14:42:37.351" endtime="20220715 14:42:37.383"/>
</kw>
<kw name="Close Pdf" library="RPA.PDF">
<arg>${pdf}</arg>
<doc>Close PDF file descriptor for certain file.</doc>
<msg timestamp="20220715 14:42:37.383" level="INFO">Closing PDF document: c:\Users\MirzaTalhaBaig\Desktop\rpa_-_order-robot_-_robocorp-certificate_II-main\output\receipts\receipt_5.pdf</msg>
<status status="PASS" starttime="20220715 14:42:37.383" endtime="20220715 14:42:37.383"/>
</kw>
<status status="PASS" starttime="20220715 14:42:37.351" endtime="20220715 14:42:37.383"/>
</kw>
<status status="PASS" starttime="20220715 14:42:37.335" endtime="20220715 14:42:37.383"/>
</kw>
<kw name="Order new robot">
<kw name="Click" library="RPA.Browser.Playwright">
<arg>${order_page_order_another_btn}</arg>
<tag>PageContent</tag>
<tag>Setter</tag>
<doc>Simulates mouse click on the element found by ``selector``.</doc>
<status status="PASS" starttime="20220715 14:42:37.383" endtime="20220715 14:42:37.550"/>
</kw>
<kw name="Wait For Elements State" library="RPA.Browser.Playwright">
<arg>${order_page_submit_btn}</arg>
<arg>visible</arg>
<tag>PageContent</tag>
<tag>Wait</tag>
<doc>Waits for the element found by ``selector`` to satisfy state option.</doc>
<msg timestamp="20220715 14:42:37.583" level="INFO">Wait for Element with selector: id=order</msg>
<status status="PASS" starttime="20220715 14:42:37.558" endtime="20220715 14:42:37.583"/>
</kw>
<status status="PASS" starttime="20220715 14:42:37.383" endtime="20220715 14:42:37.583"/>
</kw>
<status status="PASS" starttime="20220715 14:42:34.794" endtime="20220715 14:42:37.583"/>
</iter>
<iter>
<var name="${order}">{'Order number': '6', 'Head': '1', 'Body': '6', 'Legs': '6', 'Address': 'Address 3'}</var>
<kw name="Close modal">
<kw name="Click" library="RPA.Browser.Playwright">
<arg>${cookies_accept_btn}</arg>
<tag>PageContent</tag>
<tag>Setter</tag>
<doc>Simulates mouse click on the element found by ``selector``.</doc>
<status status="PASS" starttime="20220715 14:42:37.583" endtime="20220715 14:42:37.632"/>
</kw>
<kw name="Wait For Elements State" library="RPA.Browser.Playwright">
<arg>${modal_content}</arg>
<arg>hidden</arg>
<tag>PageContent</tag>
<tag>Wait</tag>
<doc>Waits for the element found by ``selector`` to satisfy state option.</doc>
<msg timestamp="20220715 14:42:37.640" level="INFO">Wait for Element with selector: .modal-content</msg>
<status status="PASS" starttime="20220715 14:42:37.632" endtime="20220715 14:42:37.640"/>
</kw>
<status status="PASS" starttime="20220715 14:42:37.583" endtime="20220715 14:42:37.640"/>
</kw>
<kw name="Fill order form">
<arg>${order}</arg>
<kw name="Fill in order parameters" library="OrderPage">
<arg>${order_table_row}</arg>
<kw name="Select Options By" library="RPA.Browser.Playwright">
<arg>${order_page_head_select}</arg>
<arg>value</arg>
<arg>${order_table_row}[Head]</arg>
<tag>PageContent</tag>
<tag>Setter</tag>
<doc>Selects options from select element found by ``selector``.</doc>
<status status="PASS" starttime="20220715 14:42:37.648" endtime="20220715 14:42:37.656"/>
</kw>
<kw name="Check Checkbox" library="RPA.Browser.Playwright">
<arg>${order_page_body_checkbox_prefix}${order_table_row}[Body]</arg>
<tag>PageContent</tag>
<tag>Setter</tag>
<doc>Checks the checkbox or selects radio button found by ``selector``.</doc>
<status status="PASS" starttime="20220715 14:42:37.656" endtime="20220715 14:42:37.713"/>
</kw>
<kw name="Fill Text" library="RPA.Browser.Playwright">
<arg>${order_page_legs_part_number_field}</arg>
<arg>${order_table_row}[Legs]</arg>
<tag>PageContent</tag>
<tag>Setter</tag>
<doc>Clears and fills the given ``txt`` into the text field found by ``selector``.</doc>
<msg timestamp="20220715 14:42:37.713" level="INFO">Fills the text '6' in the given field.</msg>
<status status="PASS" starttime="20220715 14:42:37.713" endtime="20220715 14:42:37.738"/>
</kw>
<kw name="Fill Text" library="RPA.Browser.Playwright">
<arg>${order_page_address_field}</arg>
<arg>${order_table_row}[Address]</arg>
<tag>PageContent</tag>
<tag>Setter</tag>
<doc>Clears and fills the given ``txt`` into the text field found by ``selector``.</doc>
<msg timestamp="20220715 14:42:37.738" level="INFO">Fills the text 'Address 3' in the given field.</msg>
<status status="PASS" starttime="20220715 14:42:37.738" endtime="20220715 14:42:37.754"/>
</kw>
<status status="PASS" starttime="20220715 14:42:37.640" endtime="20220715 14:42:37.754"/>
</kw>
<status status="PASS" starttime="20220715 14:42:37.640" endtime="20220715 14:42:37.754"/>
</kw>
<kw name="Preview robot">
<kw name="Click" library="RPA.Browser.Playwright">
<arg>${order_page_preview_btn}</arg>
<tag>PageContent</tag>
<tag>Setter</tag>
<doc>Simulates mouse click on the element found by ``selector``.</doc>
<status status="PASS" starttime="20220715 14:42:37.754" endtime="20220715 14:42:37.813"/>
</kw>
<kw name="Wait For Elements State" library="RPA.Browser.Playwright">
<arg>${order_page_robot_preview_image}</arg>
<arg>visible</arg>
<tag>PageContent</tag>
<tag>Wait</tag>
<doc>Waits for the element found by ``selector`` to satisfy state option.</doc>
<msg timestamp="20220715 14:42:37.829" level="INFO">Wait for Element with selector: id=robot-preview-image</msg>
<status status="PASS" starttime="20220715 14:42:37.813" endtime="20220715 14:42:37.829"/>
</kw>
<kw name="Sleep" library="BuiltIn">
<arg>2s</arg>
<doc>Pauses the test executed for the given time.</doc>
<msg timestamp="20220715 14:42:39.835" level="INFO">Slept 2 seconds</msg>
<status status="PASS" starttime="20220715 14:42:37.829" endtime="20220715 14:42:39.835"/>
</kw>
<status status="PASS" starttime="20220715 14:42:37.754" endtime="20220715 14:42:39.835"/>
</kw>
<kw name="Take screenshot of the robot image">
<var>${screenshot}</var>
<arg>${order}[Order number]</arg>
<kw name="Set Local Variable" library="BuiltIn">
<arg>${file_path}</arg>
<arg>${screenshot_dir}${/}robot_preview_image_${order_number}.png</arg>
<doc>Makes a variable available everywhere within the local scope.</doc>
<msg timestamp="20220715 14:42:39.835" level="INFO">${file_path} = c:\Users\MirzaTalhaBaig\Desktop\rpa_-_order-robot_-_robocorp-certificate_II-main\output\screenshots\robot_preview_image_6.png</msg>
<status status="PASS" starttime="20220715 14:42:39.835" endtime="20220715 14:42:39.835"/>
</kw>
<kw name="Take Screenshot" library="RPA.Browser.Playwright">
<arg>filename=${file_path}</arg>
<arg>selector=${order_page_robot_preview_image}</arg>
<arg>fullPage=False</arg>
<arg>timeout=2</arg>
<tag>PageContent</tag>
<doc>Takes a screenshot of the current window or element and saves it to disk.</doc>
<msg timestamp="20220715 14:42:39.970" level="INFO" html="true">&lt;/td&gt;&lt;/tr&gt;&lt;tr&gt;&lt;td colspan="3"&gt;&lt;a href="file:///C:/Users/MirzaTalhaBaig/Desktop/rpa_-_order-robot_-_robocorp-certificate_II-main/output/screenshots/robot_preview_image_6.png"&gt;&lt;img src="file:///C:/Users/MirzaTalhaBaig/Desktop/rpa_-_order-robot_-_robocorp-certificate_II-main/output/screenshots/robot_preview_image_6.png" width="800px"&gt;&lt;/a&gt;</msg>
<status status="PASS" starttime="20220715 14:42:39.835" endtime="20220715 14:42:39.970"/>
</kw>
<msg timestamp="20220715 14:42:39.970" level="INFO">${screenshot} = c:\Users\MirzaTalhaBaig\Desktop\rpa_-_order-robot_-_robocorp-certificate_II-main\output\screenshots\robot_preview_image_6.png</msg>
<status status="PASS" starttime="20220715 14:42:39.835" endtime="20220715 14:42:39.970"/>
</kw>
<kw name="Wait Until Keyword Succeeds" library="BuiltIn">
<arg>5x</arg>
<arg>0.5 sec</arg>
<arg>Submit order</arg>
<doc>Runs the specified keyword and retries if it fails.</doc>
<kw name="Submit order">
<kw name="Click" library="RPA.Browser.Playwright">
<arg>${order_page_submit_btn}</arg>
<tag>PageContent</tag>
<tag>Setter</tag>
<doc>Simulates mouse click on the element found by ``selector``.</doc>
<status status="PASS" starttime="20220715 14:42:39.970" endtime="20220715 14:42:40.031"/>
</kw>
<kw name="Wait For Elements State" library="RPA.Browser.Playwright">
<arg>${order_page_receipt_alert}</arg>
<arg>visible</arg>
<tag>PageContent</tag>
<tag>Wait</tag>
<doc>Waits for the element found by ``selector`` to satisfy state option.</doc>
<msg timestamp="20220715 14:42:40.048" level="INFO">Wait for Element with selector: id=receipt</msg>
<status status="PASS" starttime="20220715 14:42:40.031" endtime="20220715 14:42:40.048"/>
</kw>
<kw name="Wait For Elements State" library="RPA.Browser.Playwright">
<arg>${order_page_order_another_btn}</arg>
<arg>visible</arg>
<tag>PageContent</tag>
<tag>Wait</tag>
<doc>Waits for the element found by ``selector`` to satisfy state option.</doc>
<msg timestamp="20220715 14:42:40.064" level="INFO">Wait for Element with selector: id=order-another</msg>
<status status="PASS" starttime="20220715 14:42:40.048" endtime="20220715 14:42:40.064"/>
</kw>
<status status="PASS" starttime="20220715 14:42:39.970" endtime="20220715 14:42:40.064"/>
</kw>
<status status="PASS" starttime="20220715 14:42:39.970" endtime="20220715 14:42:40.064"/>
</kw>
<kw name="Create receipt PDF with robot preview image">
<arg>${order}[Order number]</arg>
<arg>${screenshot}</arg>
<kw name="Store order receipt as PDF file">
<var>${pdf}</var>
<arg>${order_number}</arg>
[...]
<doc>Makes a variable available everywhere within the local scope.</doc>
<msg timestamp="20220715 14:44:04.784" level="INFO">${file_path} = c:\Users\MirzaTalhaBaig\Desktop\rpa_-_order-robot_-_robocorp-certificate_II-main\output\receipts\receipt_19.pdf</msg>
<status status="PASS" starttime="20220715 14:44:04.784" endtime="20220715 14:44:04.784"/>
</kw>
<kw name="Html To Pdf" library="RPA.PDF">
<arg>${receipt_html}</arg>
<arg>${file_path}</arg>
<doc>Generate a PDF file from HTML content.</doc>
<msg timestamp="20220715 14:44:04.793" level="INFO">Writing output to file C:\Users\MirzaTalhaBaig\Desktop\rpa_-_order-robot_-_robocorp-certificate_II-main\output\receipts\receipt_19.pdf</msg>
<status status="PASS" starttime="20220715 14:44:04.784" endtime="20220715 14:44:04.801"/>
</kw>
<msg timestamp="20220715 14:44:04.801" level="INFO">${pdf} = c:\Users\MirzaTalhaBaig\Desktop\rpa_-_order-robot_-_robocorp-certificate_II-main\output\receipts\receipt_19.pdf</msg>
<status status="PASS" starttime="20220715 14:44:04.750" endtime="20220715 14:44:04.801"/>
</kw>
<kw name="Embed robot preview screenshot to receipt PDF file">
<arg>${screenshot}</arg>
<arg>${pdf}</arg>
<kw name="Open Pdf" library="RPA.PDF">
<arg>${pdf}</arg>
<doc>Open a PDF document for reading.</doc>
<status status="PASS" starttime="20220715 14:44:04.801" endtime="20220715 14:44:04.801"/>
</kw>
<kw name="Create List" library="BuiltIn">
<var>${image_files}</var>
<arg>${screenshot}:align=center</arg>
<doc>Returns a list containing given items.</doc>
<msg timestamp="20220715 14:44:04.801" level="INFO">${image_files} = ['c:\\Users\\MirzaTalhaBaig\\Desktop\\rpa_-_order-robot_-_robocorp-certificate_II-main\\output\\screenshots\\robot_preview_image_19.png:align=center']</msg>
<status status="PASS" starttime="20220715 14:44:04.801" endtime="20220715 14:44:04.801"/>
</kw>
<kw name="Add Files To Pdf" library="RPA.PDF">
<arg>${image_files}</arg>
<arg>${pdf}</arg>
<arg>append=True</arg>
<doc>Add images and/or pdfs to new PDF document</doc>
<msg timestamp="20220715 14:44:04.809" level="INFO">Adding page: 0</msg>
<msg timestamp="20220715 14:44:04.809" level="INFO">File c:\Users\MirzaTalhaBaig\Desktop\rpa_-_order-robot_-_robocorp-certificate_II-main\output\screenshots\robot_preview_image_19.png type: png</msg>
<msg timestamp="20220715 14:44:04.809" level="INFO">Image parameters: {'align': 'center'}</msg>
<status status="PASS" starttime="20220715 14:44:04.809" endtime="20220715 14:44:04.875"/>
</kw>
<kw name="Close Pdf" library="RPA.PDF">
<arg>${pdf}</arg>
<doc>Close PDF file descriptor for certain file.</doc>
<msg timestamp="20220715 14:44:04.875" level="INFO">Closing PDF document: c:\Users\MirzaTalhaBaig\Desktop\rpa_-_order-robot_-_robocorp-certificate_II-main\output\receipts\receipt_19.pdf</msg>
<status status="PASS" starttime="20220715 14:44:04.875" endtime="20220715 14:44:04.875"/>
</kw>
<status status="PASS" starttime="20220715 14:44:04.801" endtime="20220715 14:44:04.875"/>
</kw>
<status status="PASS" starttime="20220715 14:44:04.750" endtime="20220715 14:44:04.875"/>
</kw>
<kw name="Order new robot">
<kw name="Click" library="RPA.Browser.Playwright">
<arg>${order_page_order_another_btn}</arg>
<tag>PageContent</tag>
<tag>Setter</tag>
<doc>Simulates mouse click on the element found by ``selector``.</doc>
<status status="PASS" starttime="20220715 14:44:04.875" endtime="20220715 14:44:05.086"/>
</kw>
<kw name="Wait For Elements State" library="RPA.Browser.Playwright">
<arg>${order_page_submit_btn}</arg>
<arg>visible</arg>
<tag>PageContent</tag>
<tag>Wait</tag>
<doc>Waits for the element found by ``selector`` to satisfy state option.</doc>
<msg timestamp="20220715 14:44:05.155" level="INFO">Wait for Element with selector: id=order</msg>
<status status="PASS" starttime="20220715 14:44:05.086" endtime="20220715 14:44:05.155"/>
</kw>
<status status="PASS" starttime="20220715 14:44:04.875" endtime="20220715 14:44:05.155"/>
</kw>
<status status="PASS" starttime="20220715 14:44:02.012" endtime="20220715 14:44:05.155"/>
</iter>
<iter>
<var name="${order}">{'Order number': '20', 'Head': '1', 'Body': '1', 'Legs': '5', 'Address': 'Address H'}</var>
<kw name="Close modal">
<kw name="Click" library="RPA.Browser.Playwright">
<arg>${cookies_accept_btn}</arg>
<tag>PageContent</tag>
<tag>Setter</tag>
<doc>Simulates mouse click on the element found by ``selector``.</doc>
<status status="PASS" starttime="20220715 14:44:05.163" endtime="20220715 14:44:05.236"/>
</kw>
<kw name="Wait For Elements State" library="RPA.Browser.Playwright">
<arg>${modal_content}</arg>
<arg>hidden</arg>
<tag>PageContent</tag>
<tag>Wait</tag>
<doc>Waits for the element found by ``selector`` to satisfy state option.</doc>
<msg timestamp="20220715 14:44:05.260" level="INFO">Wait for Element with selector: .modal-content</msg>
<status status="PASS" starttime="20220715 14:44:05.237" endtime="20220715 14:44:05.260"/>
</kw>
<status status="PASS" starttime="20220715 14:44:05.155" endtime="20220715 14:44:05.260"/>
</kw>
<kw name="Fill order form">
<arg>${order}</arg>
<kw name="Fill in order parameters" library="OrderPage">
<arg>${order_table_row}</arg>
<kw name="Select Options By" library="RPA.Browser.Playwright">
<arg>${order_page_head_select}</arg>
<arg>value</arg>
<arg>${order_table_row}[Head]</arg>
<tag>PageContent</tag>
<tag>Setter</tag>
<doc>Selects options from select element found by ``selector``.</doc>
<status status="PASS" starttime="20220715 14:44:05.260" endtime="20220715 14:44:05.293"/>
</kw>
<kw name="Check Checkbox" library="RPA.Browser.Playwright">
<arg>${order_page_body_checkbox_prefix}${order_table_row}[Body]</arg>
<tag>PageContent</tag>
<tag>Setter</tag>
<doc>Checks the checkbox or selects radio button found by ``selector``.</doc>
<status status="PASS" starttime="20220715 14:44:05.293" endtime="20220715 14:44:05.392"/>
</kw>
<kw name="Fill Text" library="RPA.Browser.Playwright">
<arg>${order_page_legs_part_number_field}</arg>
<arg>${order_table_row}[Legs]</arg>
<tag>PageContent</tag>
<tag>Setter</tag>
<doc>Clears and fills the given ``txt`` into the text field found by ``selector``.</doc>
<msg timestamp="20220715 14:44:05.392" level="INFO">Fills the text '5' in the given field.</msg>
<status status="PASS" starttime="20220715 14:44:05.392" endtime="20220715 14:44:05.443"/>
</kw>
<kw name="Fill Text" library="RPA.Browser.Playwright">
<arg>${order_page_address_field}</arg>
<arg>${order_table_row}[Address]</arg>
<tag>PageContent</tag>
<tag>Setter</tag>
<doc>Clears and fills the given ``txt`` into the text field found by ``selector``.</doc>
<msg timestamp="20220715 14:44:05.443" level="INFO">Fills the text 'Address H' in the given field.</msg>
<status status="PASS" starttime="20220715 14:44:05.443" endtime="20220715 14:44:05.486"/>
</kw>
<status status="PASS" starttime="20220715 14:44:05.260" endtime="20220715 14:44:05.486"/>
</kw>
<status status="PASS" starttime="20220715 14:44:05.260" endtime="20220715 14:44:05.486"/>
</kw>
<kw name="Preview robot">
<kw name="Click" library="RPA.Browser.Playwright">
<arg>${order_page_preview_btn}</arg>
<tag>PageContent</tag>
<tag>Setter</tag>
<doc>Simulates mouse click on the element found by ``selector``.</doc>
<status status="PASS" starttime="20220715 14:44:05.486" endtime="20220715 14:44:05.583"/>
</kw>
<kw name="Wait For Elements State" library="RPA.Browser.Playwright">
<arg>${order_page_robot_preview_image}</arg>
<arg>visible</arg>
<tag>PageContent</tag>
<tag>Wait</tag>
<doc>Waits for the element found by ``selector`` to satisfy state option.</doc>
<msg timestamp="20220715 14:44:05.616" level="INFO">Wait for Element with selector: id=robot-preview-image</msg>
<status status="PASS" starttime="20220715 14:44:05.584" endtime="20220715 14:44:05.619"/>
</kw>
<kw name="Sleep" library="BuiltIn">
<arg>2s</arg>
<doc>Pauses the test executed for the given time.</doc>
<msg timestamp="20220715 14:44:07.621" level="INFO">Slept 2 seconds</msg>
<status status="PASS" starttime="20220715 14:44:05.620" endtime="20220715 14:44:07.621"/>
</kw>
<status status="PASS" starttime="20220715 14:44:05.486" endtime="20220715 14:44:07.621"/>
</kw>
<kw name="Take screenshot of the robot image">
<var>${screenshot}</var>
<arg>${order}[Order number]</arg>
<kw name="Set Local Variable" library="BuiltIn">
<arg>${file_path}</arg>
<arg>${screenshot_dir}${/}robot_preview_image_${order_number}.png</arg>
<doc>Makes a variable available everywhere within the local scope.</doc>
<msg timestamp="20220715 14:44:07.621" level="INFO">${file_path} = c:\Users\MirzaTalhaBaig\Desktop\rpa_-_order-robot_-_robocorp-certificate_II-main\output\screenshots\robot_preview_image_20.png</msg>
<status status="PASS" starttime="20220715 14:44:07.621" endtime="20220715 14:44:07.621"/>
</kw>
<kw name="Take Screenshot" library="RPA.Browser.Playwright">
<arg>filename=${file_path}</arg>
<arg>selector=${order_page_robot_preview_image}</arg>
<arg>fullPage=False</arg>
<arg>timeout=2</arg>
<tag>PageContent</tag>
<doc>Takes a screenshot of the current window or element and saves it to disk.</doc>
<msg timestamp="20220715 14:44:07.766" level="INFO" html="true">&lt;/td&gt;&lt;/tr&gt;&lt;tr&gt;&lt;td colspan="3"&gt;&lt;a href="file:///C:/Users/MirzaTalhaBaig/Desktop/rpa_-_order-robot_-_robocorp-certificate_II-main/output/screenshots/robot_preview_image_20.png"&gt;&lt;img src="file:///C:/Users/MirzaTalhaBaig/Desktop/rpa_-_order-robot_-_robocorp-certificate_II-main/output/screenshots/robot_preview_image_20.png" width="800px"&gt;&lt;/a&gt;</msg>
<status status="PASS" starttime="20220715 14:44:07.621" endtime="20220715 14:44:07.766"/>
</kw>
<msg timestamp="20220715 14:44:07.766" level="INFO">${screenshot} = c:\Users\MirzaTalhaBaig\Desktop\rpa_-_order-robot_-_robocorp-certificate_II-main\output\screenshots\robot_preview_image_20.png</msg>
<status status="PASS" starttime="20220715 14:44:07.621" endtime="20220715 14:44:07.766"/>
</kw>
<kw name="Wait Until Keyword Succeeds" library="BuiltIn">
<arg>5x</arg>
<arg>0.5 sec</arg>
<arg>Submit order</arg>
<doc>Runs the specified keyword and retries if it fails.</doc>
<kw name="Submit order">
<kw name="Click" library="RPA.Browser.Playwright">
<arg>${order_page_submit_btn}</arg>
<tag>PageContent</tag>
<tag>Setter</tag>
<doc>Simulates mouse click on the element found by ``selector``.</doc>
<status status="PASS" starttime="20220715 14:44:07.775" endtime="20220715 14:44:07.838"/>
</kw>
<kw name="Wait For Elements State" library="RPA.Browser.Playwright">
<arg>${order_page_receipt_alert}</arg>
<arg>visible</arg>
<tag>PageContent</tag>
<tag>Wait</tag>
<doc>Waits for the element found by ``selector`` to satisfy state option.</doc>
<msg timestamp="20220715 14:44:07.866" level="INFO">Wait for Element with selector: id=receipt</msg>
<status status="PASS" starttime="20220715 14:44:07.838" endtime="20220715 14:44:07.866"/>
</kw>
<kw name="Wait For Elements State" library="RPA.Browser.Playwright">
<arg>${order_page_order_another_btn}</arg>
<arg>visible</arg>
<tag>PageContent</tag>
<tag>Wait</tag>
<doc>Waits for the element found by ``selector`` to satisfy state option.</doc>
<msg timestamp="20220715 14:44:07.891" level="INFO">Wait for Element with selector: id=order-another</msg>
<status status="PASS" starttime="20220715 14:44:07.866" endtime="20220715 14:44:07.891"/>
</kw>
<status status="PASS" starttime="20220715 14:44:07.775" endtime="20220715 14:44:07.891"/>
</kw>
<status status="PASS" starttime="20220715 14:44:07.775" endtime="20220715 14:44:07.891"/>
</kw>
<kw name="Create receipt PDF with robot preview image">
<arg>${order}[Order number]</arg>
<arg>${screenshot}</arg>
<kw name="Store order receipt as PDF file">
<var>${pdf}</var>
<arg>${order_number}</arg>
<kw name="Get Property" library="RPA.Browser.Playwright">
<var>${receipt_html}</var>
<arg>${order_page_receipt_alert}</arg>
<arg>outerHTML</arg>
<tag>Assertion</tag>
<tag>Getter</tag>
<tag>PageContent</tag>
<doc>Returns the ``property`` of the element found by ``selector``.</doc>
<msg timestamp="20220715 14:44:07.925" level="INFO">${receipt_html} = &lt;div id="receipt" class="alert alert-success" role="alert"&gt;&lt;h3&gt;Receipt&lt;/h3&gt;&lt;div&gt;2022-07-15T09:44:07.822Z&lt;/div&gt;&lt;p class="badge badge-success"&gt;RSB-ROBO-ORDER-509FM4UX7Y&lt;/p&gt;&lt;p&gt;Address H&lt;/p&gt;&lt;div id="parts...</msg>
<status status="PASS" starttime="20220715 14:44:07.891" endtime="20220715 14:44:07.925"/>
</kw>
<kw name="Set Local Variable" library="BuiltIn">
<arg>${file_path}</arg>
<arg>${receipt_dir}${/}receipt_${order_number}.pdf</arg>
<doc>Makes a variable available everywhere within the local scope.</doc>
<msg timestamp="20220715 14:44:07.933" level="INFO">${file_path} = c:\Users\MirzaTalhaBaig\Desktop\rpa_-_order-robot_-_robocorp-certificate_II-main\output\receipts\receipt_20.pdf</msg>
<status status="PASS" starttime="20220715 14:44:07.925" endtime="20220715 14:44:07.933"/>
</kw>
<kw name="Html To Pdf" library="RPA.PDF">
<arg>${receipt_html}</arg>
<arg>${file_path}</arg>
<doc>Generate a PDF file from HTML content.</doc>
<msg timestamp="20220715 14:44:07.933" level="INFO">Writing output to file C:\Users\MirzaTalhaBaig\Desktop\rpa_-_order-robot_-_robocorp-certificate_II-main\output\receipts\receipt_20.pdf</msg>
<status status="PASS" starttime="20220715 14:44:07.933" endtime="20220715 14:44:07.941"/>
</kw>
<msg timestamp="20220715 14:44:07.941" level="INFO">${pdf} = c:\Users\MirzaTalhaBaig\Desktop\rpa_-_order-robot_-_robocorp-certificate_II-main\output\receipts\receipt_20.pdf</msg>
<status status="PASS" starttime="20220715 14:44:07.891" endtime="20220715 14:44:07.941"/>
</kw>
<kw name="Embed robot preview screenshot to receipt PDF file">
<arg>${screenshot}</arg>
<arg>${pdf}</arg>
<kw name="Open Pdf" library="RPA.PDF">
<arg>${pdf}</arg>
<doc>Open a PDF document for reading.</doc>
<status status="PASS" starttime="20220715 14:44:07.941" endtime="20220715 14:44:07.949"/>
</kw>
<kw name="Create List" library="BuiltIn">
<var>${image_files}</var>
<arg>${screenshot}:align=center</arg>
<doc>Returns a list containing given items.</doc>
<msg timestamp="20220715 14:44:07.949" level="INFO">${image_files} = ['c:\\Users\\MirzaTalhaBaig\\Desktop\\rpa_-_order-robot_-_robocorp-certificate_II-main\\output\\screenshots\\robot_preview_image_20.png:align=center']</msg>
<status status="PASS" starttime="20220715 14:44:07.949" endtime="20220715 14:44:07.949"/>
</kw>
<kw name="Add Files To Pdf" library="RPA.PDF">
<arg>${image_files}</arg>
<arg>${pdf}</arg>
<arg>append=True</arg>
<doc>Add images and/or pdfs to new PDF document</doc>
<msg timestamp="20220715 14:44:07.949" level="INFO">Adding page: 0</msg>
<msg timestamp="20220715 14:44:07.949" level="INFO">File c:\Users\MirzaTalhaBaig\Desktop\rpa_-_order-robot_-_robocorp-certificate_II-main\output\screenshots\robot_preview_image_20.png type: png</msg>
<msg timestamp="20220715 14:44:07.949" level="INFO">Image parameters: {'align': 'center'}</msg>
<status status="PASS" starttime="20220715 14:44:07.949" endtime="20220715 14:44:08.015"/>
</kw>
<kw name="Close Pdf" library="RPA.PDF">
<arg>${pdf}</arg>
<doc>Close PDF file descriptor for certain file.</doc>
<msg timestamp="20220715 14:44:08.015" level="INFO">Closing PDF document: c:\Users\MirzaTalhaBaig\Desktop\rpa_-_order-robot_-_robocorp-certificate_II-main\output\receipts\receipt_20.pdf</msg>
<status status="PASS" starttime="20220715 14:44:08.015" endtime="20220715 14:44:08.015"/>
</kw>
<status status="PASS" starttime="20220715 14:44:07.941" endtime="20220715 14:44:08.015"/>
</kw>
<status status="PASS" starttime="20220715 14:44:07.891" endtime="20220715 14:44:08.015"/>
</kw>
<kw name="Order new robot">
<kw name="Click" library="RPA.Browser.Playwright">
<arg>${order_page_order_another_btn}</arg>
<tag>PageContent</tag>
<tag>Setter</tag>
<doc>Simulates mouse click on the element found by ``selector``.</doc>
<status status="PASS" starttime="20220715 14:44:08.024" endtime="20220715 14:44:08.257"/>
</kw>
<kw name="Wait For Elements State" library="RPA.Browser.Playwright">
<arg>${order_page_submit_btn}</arg>
<arg>visible</arg>
<tag>PageContent</tag>
<tag>Wait</tag>
<doc>Waits for the element found by ``selector`` to satisfy state option.</doc>
<msg timestamp="20220715 14:44:08.325" level="INFO">Wait for Element with selector: id=order</msg>
<status status="PASS" starttime="20220715 14:44:08.257" endtime="20220715 14:44:08.325"/>
</kw>
<status status="PASS" starttime="20220715 14:44:08.015" endtime="20220715 14:44:08.325"/>
</kw>
<status status="PASS" starttime="20220715 14:44:05.155" endtime="20220715 14:44:08.325"/>
</iter>
<status status="PASS" starttime="20220715 14:42:22.690" endtime="20220715 14:44:08.325"/>
</for>
<kw name="Create ZIP file of all receipts">
<kw name="Set Variable" library="BuiltIn">
<var>${zip_file_name}</var>
<arg>${out_dir}${/}all_receipts.zip</arg>
<doc>Returns the given values which can then be assigned to a variables.</doc>
<msg timestamp="20220715 14:44:08.325" level="INFO">${zip_file_name} = c:\Users\MirzaTalhaBaig\Desktop\rpa_-_order-robot_-_robocorp-certificate_II-main\output\all_receipts.zip</msg>
<status status="PASS" starttime="20220715 14:44:08.325" endtime="20220715 14:44:08.325"/>
</kw>
<kw name="Archive Folder With Zip" library="RPA.Archive">
<arg>${receipt_dir}</arg>
<arg>${zip_file_name}</arg>
<doc>Create a zip archive of a folder</doc>
<status status="PASS" starttime="20220715 14:44:08.325" endtime="20220715 14:44:08.349"/>
</kw>
<status status="PASS" starttime="20220715 14:44:08.325" endtime="20220715 14:44:08.349"/>
</kw>
<status status="PASS" starttime="20220715 14:42:13.262" endtime="20220715 14:44:08.349"/>
</test>
<kw name="Cleaup" type="TEARDOWN">
<kw name="Close Browser" library="RPA.Browser.Playwright">
<tag>BrowserControl</tag>
<tag>Setter</tag>
<doc>Closes the current browser.</doc>
<msg timestamp="20220715 14:44:08.543" level="INFO">Closed browser</msg>
<status status="PASS" starttime="20220715 14:44:08.412" endtime="20220715 14:44:08.543"/>
</kw>
<kw name="Remove Directory" library="OperatingSystem">
<arg>${screenshot_dir}</arg>
<arg>recursive=True</arg>
<doc>Removes the directory pointed to by the given ``path``.</doc>
<msg timestamp="20220715 14:44:08.554" level="INFO" html="true">Removed directory '&lt;a href="file://c:\Users\MirzaTalhaBaig\Desktop\rpa_-_order-robot_-_robocorp-certificate_II-main\output\screenshots"&gt;c:\Users\MirzaTalhaBaig\Desktop\rpa_-_order-robot_-_robocorp-certificate_II-main\output\screenshots&lt;/a&gt;'.</msg>
<status status="PASS" starttime="20220715 14:44:08.543" endtime="20220715 14:44:08.554"/>
</kw>
<kw name="Remove Directory" library="OperatingSystem">
<arg>${receipt_dir}</arg>
<arg>recursive=True</arg>
<doc>Removes the directory pointed to by the given ``path``.</doc>
<msg timestamp="20220715 14:44:08.564" level="INFO" html="true">Removed directory '&lt;a href="file://c:\Users\MirzaTalhaBaig\Desktop\rpa_-_order-robot_-_robocorp-certificate_II-main\output\receipts"&gt;c:\Users\MirzaTalhaBaig\Desktop\rpa_-_order-robot_-_robocorp-certificate_II-main\output\receipts&lt;/a&gt;'.</msg>
<status status="PASS" starttime="20220715 14:44:08.554" endtime="20220715 14:44:08.564"/>
</kw>
<status status="PASS" starttime="20220715 14:44:08.412" endtime="20220715 14:44:08.564"/>
</kw>
<doc>Orders robots from RobotSpareBin Industries Inc.

</doc>
<status status="PASS" starttime="20220715 14:42:10.978" endtime="20220715 14:44:08.564"/>
</suite>
<statistics>
<total>
<stat pass="1" fail="0" skip="0">All Tasks</stat>
</total>
<tag>
</tag>
<suite>
<stat pass="1" fail="0" skip="0" id="s1" name="Tasks">Tasks</stat>
</suite>
</statistics>
<errors>
</errors>
</robot>
